[0m[[0m[0mdebug[0m] [0m[0m> Exec(;Test/compile; collectAnalyses, None, Some(CommandSource(network-1)))[0m
[0m[[0m[0mdebug[0m] [0m[0munmatched Processing event for requestId None: None[0m
[0m[[0m[0mdebug[0m] [0m[0munmatched Done event for requestId None: None[0m
[0m[[0m[0mdebug[0m] [0m[0m> Exec(Test/compile, None, Some(CommandSource(network-1)))[0m
[0m[[0m[0mdebug[0m] [0m[0munmatched Processing event for requestId None: None[0m
[0m[[0m[0mdebug[0m] [0m[0mEvaluating tasks: Test / compile[0m
[0m[[0m[0mdebug[0m] [0m[0mRunning task... Cancel: Signal, check cycles: false, forcegc: true[0m
[0m[[0m[0mdebug[0m] [0m[0mjsonRpcNotify: JsonRpcNotificationMessage(2.0, build/taskStart, {"taskId":{"id":"53","parents":[]},"eventTime":1704822413850,"message":"Compiling apl","dataKind":"compile-task","data":{"target":{"uri":"file:/C:/Users/mehra/Documents/GitHub/nando/apl/#apl/Compile"}}})[0m
[0m[[0m[0minfo[0m] [0m[0mcompiling 1 Scala source to C:\Users\mehra\Documents\GitHub\nando\apl\target\scala-3.3.1\classes ...[0m
[0m[[0m[0mdebug[0m] [0m[0mjsonRpcNotify: JsonRpcNotificationMessage(2.0, build/logMessage, {"type":3,"message":"compiling 1 Scala source to C:\\Users\\mehra\\Documents\\GitHub\\nando\\apl\\target\\scala-3.3.1\\classes ..."})[0m
[0m[[0m[0mdebug[0m] [0m[0mjsonRpcNotify: JsonRpcNotificationMessage(2.0, build/publishDiagnostics, {"textDocument":{"uri":"file:///C:/Users/mehra/Documents/GitHub/nando/apl/util.scala"},"buildTarget":{"uri":"file:/C:/Users/mehra/Documents/GitHub/nando/apl/#apl/Compile"},"diagnostics":[{"range":{"start":{"line":16,"character":8},"end":{"line":16,"character":11}},"severity":1,"code":"40","source":"sbt","message":"'this' expected, but 'val' found"}],"reset":false})[0m
[0m[[0m[31merror[0m] [0m[0m[31m[31m-- [E040] Syntax Error: C:\Users\mehra\Documents\GitHub\nando\apl\util.scala:17:8 [0m[0m[0m
[0m[[0m[31merror[0m] [0m[0m[31m17 |[0m        [33mval[0m [36mref[0m = x.asInstanceOf(AnyRef)[0m
[0m[[0m[31merror[0m] [0m[0m[31m[31m   |[0m        ^^^[0m[0m
[0m[[0m[31merror[0m] [0m[0m[31m   |[0m        'this' expected, but 'val' found[0m
[0m[[0m[0mdebug[0m] [0m[0mjsonRpcNotify: JsonRpcNotificationMessage(2.0, build/logMessage, {"type":1,"message":"\u001b[31m\u001b[31m-- [E040] Syntax Error: C:\\Users\\mehra\\Documents\\GitHub\\nando\\apl\\util.scala:17:8 \u001b[0m\u001b[0m\r\n\u001b[31m17 |\u001b[0m        \u001b[33mval\u001b[0m \u001b[36mref\u001b[0m = x.asInstanceOf(AnyRef)\r\n\u001b[31m\u001b[31m   |\u001b[0m        ^^^\u001b[0m\r\n\u001b[31m   |\u001b[0m        'this' expected, but 'val' found"})[0m
[0m[[0m[0mdebug[0m] [0m[0mjsonRpcNotify: JsonRpcNotificationMessage(2.0, build/publishDiagnostics, {"textDocument":{"uri":"file:///C:/Users/mehra/Documents/GitHub/nando/apl/util.scala"},"buildTarget":{"uri":"file:/C:/Users/mehra/Documents/GitHub/nando/apl/#apl/Compile"},"diagnostics":[{"range":{"start":{"line":13,"character":40},"end":{"line":13,"character":43}},"severity":1,"code":"-1","source":"sbt","message":"too many arguments for \u001b[33mconstructor\u001b[0m \u001b[35mDouble\u001b[0m in \u001b[33mclass\u001b[0m \u001b[35mDouble\u001b[0m: (): Double"}],"reset":false})[0m
[0m[[0m[31merror[0m] [0m[0m[31m[31m-- Error: C:\Users\mehra\Documents\GitHub\nando\apl\util.scala:14:40 -----------[0m[0m[0m
[0m[[0m[31merror[0m] [0m[0m[31m14 |[0m    [33mprivate[0m [33mvar[0m _v: AnyRef = [33mnew[0m Double([31m0.0[0m).asInstanceOf[AnyRef][0m
[0m[[0m[31merror[0m] [0m[0m[31m[31m   |[0m                                        ^^^[0m[0m
[0m[[0m[31merror[0m] [0m[0m[31m   |[0m   too many arguments for [33mconstructor[0m [35mDouble[0m in [33mclass[0m [35mDouble[0m: (): Double[0m
[0m[[0m[0mdebug[0m] [0m[0mjsonRpcNotify: JsonRpcNotificationMessage(2.0, build/logMessage, {"type":1,"message":"\u001b[31m\u001b[31m-- Error: C:\\Users\\mehra\\Documents\\GitHub\\nando\\apl\\util.scala:14:40 -----------\u001b[0m\u001b[0m\r\n\u001b[31m14 |\u001b[0m    \u001b[33mprivate\u001b[0m \u001b[33mvar\u001b[0m _v: AnyRef = \u001b[33mnew\u001b[0m Double(\u001b[31m0.0\u001b[0m).asInstanceOf[AnyRef]\r\n\u001b[31m\u001b[31m   |\u001b[0m                                        ^^^\u001b[0m\r\n\u001b[31m   |\u001b[0m   too many arguments for \u001b[33mconstructor\u001b[0m \u001b[35mDouble\u001b[0m in \u001b[33mclass\u001b[0m \u001b[35mDouble\u001b[0m: (): Double"})[0m
[0m[[0m[0mdebug[0m] [0m[0mjsonRpcNotify: JsonRpcNotificationMessage(2.0, build/publishDiagnostics, {"textDocument":{"uri":"file:///C:/Users/mehra/Documents/GitHub/nando/apl/util.scala"},"buildTarget":{"uri":"file:/C:/Users/mehra/Documents/GitHub/nando/apl/#apl/Compile"},"diagnostics":[{"range":{"start":{"line":19,"character":16},"end":{"line":19,"character":20}},"severity":1,"code":"50","source":"sbt","message":"\u001b[33mclass\u001b[0m \u001b[35mData\u001b[0m in \u001b[33mpackage\u001b[0m \u001b[35mutil\u001b[0m does not take parameters"}],"reset":false})[0m
[0m[[0m[31merror[0m] [0m[0m[31m[31m-- [E050] Type Error: C:\Users\mehra\Documents\GitHub\nando\apl\util.scala:20:16 [0m[0m[0m
[0m[[0m[31merror[0m] [0m[0m[31m20 |[0m                [33mthis[0m(DataType.Number, ref)[0m
[0m[[0m[31merror[0m] [0m[0m[31m[31m   |[0m                ^^^^[0m[0m
[0m[[0m[31merror[0m] [0m[0m[31m   |[0m                [33mclass[0m [35mData[0m in [33mpackage[0m [35mutil[0m does not take parameters[0m
[0m[[0m[31merror[0m] [0m[0m[31m   |[0m[0m
[0m[[0m[31merror[0m] [0m[0m[31m   |[0m longer explanation available when compiling with `-explain`[0m
[0m[[0m[0mdebug[0m] [0m[0mjsonRpcNotify: JsonRpcNotificationMessage(2.0, build/logMessage, {"type":1,"message":"\u001b[31m\u001b[31m-- [E050] Type Error: C:\\Users\\mehra\\Documents\\GitHub\\nando\\apl\\util.scala:20:16 \u001b[0m\u001b[0m\r\n\u001b[31m20 |\u001b[0m                \u001b[33mthis\u001b[0m(DataType.Number, ref)\r\n\u001b[31m\u001b[31m   |\u001b[0m                ^^^^\u001b[0m\r\n\u001b[31m   |\u001b[0m                \u001b[33mclass\u001b[0m \u001b[35mData\u001b[0m in \u001b[33mpackage\u001b[0m \u001b[35mutil\u001b[0m does not take parameters\r\n\u001b[31m   |\u001b[0m\r\n\u001b[31m   |\u001b[0m longer explanation available when compiling with `-explain`"})[0m
[0m[[0m[0mdebug[0m] [0m[0mjsonRpcNotify: JsonRpcNotificationMessage(2.0, build/publishDiagnostics, {"textDocument":{"uri":"file:///C:/Users/mehra/Documents/GitHub/nando/apl/util.scala"},"buildTarget":{"uri":"file:/C:/Users/mehra/Documents/GitHub/nando/apl/#apl/Compile"},"diagnostics":[{"range":{"start":{"line":19,"character":38},"end":{"line":19,"character":41}},"severity":1,"code":"119","source":"sbt","message":"\u001b[33mpackage\u001b[0m \u001b[35mscala.ref\u001b[0m is not a value"}],"reset":false})[0m
[0m[[0m[31merror[0m] [0m[0m[31m[31m-- [E119] Type Error: C:\Users\mehra\Documents\GitHub\nando\apl\util.scala:20:38 [0m[0m[0m
[0m[[0m[31merror[0m] [0m[0m[31m20 |[0m                [33mthis[0m(DataType.Number, ref)[0m
[0m[[0m[31merror[0m] [0m[0m[31m[31m   |[0m                                      ^^^[0m[0m
[0m[[0m[31merror[0m] [0m[0m[31m   |[0m                                      [33mpackage[0m [35mscala.ref[0m is not a value[0m
[0m[[0m[0mdebug[0m] [0m[0mjsonRpcNotify: JsonRpcNotificationMessage(2.0, build/logMessage, {"type":1,"message":"\u001b[31m\u001b[31m-- [E119] Type Error: C:\\Users\\mehra\\Documents\\GitHub\\nando\\apl\\util.scala:20:38 \u001b[0m\u001b[0m\r\n\u001b[31m20 |\u001b[0m                \u001b[33mthis\u001b[0m(DataType.Number, ref)\r\n\u001b[31m\u001b[31m   |\u001b[0m                                      ^^^\u001b[0m\r\n\u001b[31m   |\u001b[0m                                      \u001b[33mpackage\u001b[0m \u001b[35mscala.ref\u001b[0m is not a value"})[0m
[0m[[0m[0mdebug[0m] [0m[0mjsonRpcNotify: JsonRpcNotificationMessage(2.0, build/publishDiagnostics, {"textDocument":{"uri":"file:///C:/Users/mehra/Documents/GitHub/nando/apl/util.scala"},"buildTarget":{"uri":"file:/C:/Users/mehra/Documents/GitHub/nando/apl/#apl/Compile"},"diagnostics":[{"range":{"start":{"line":21,"character":17},"end":{"line":21,"character":23}},"severity":1,"code":"119","source":"sbt","message":"Java defined \u001b[33mclass\u001b[0m \u001b[35mString\u001b[0m is not a value"}],"reset":false})[0m
[0m[[0m[31merror[0m] [0m[0m[31m[31m-- [E119] Type Error: C:\Users\mehra\Documents\GitHub\nando\apl\util.scala:22:17 [0m[0m[0m
[0m[[0m[31merror[0m] [0m[0m[31m22 |[0m            [33mcase[0m String => {[0m
[0m[[0m[31merror[0m] [0m[0m[31m[31m   |[0m                 ^^^^^^[0m[0m
[0m[[0m[31merror[0m] [0m[0m[31m   |[0m                 Java defined [33mclass[0m [35mString[0m is not a value[0m
[0m[[0m[0mdebug[0m] [0m[0mjsonRpcNotify: JsonRpcNotificationMessage(2.0, build/logMessage, {"type":1,"message":"\u001b[31m\u001b[31m-- [E119] Type Error: C:\\Users\\mehra\\Documents\\GitHub\\nando\\apl\\util.scala:22:17 \u001b[0m\u001b[0m\r\n\u001b[31m22 |\u001b[0m            \u001b[33mcase\u001b[0m String => {\r\n\u001b[31m\u001b[31m   |\u001b[0m                 ^^^^^^\u001b[0m\r\n\u001b[31m   |\u001b[0m                 Java defined \u001b[33mclass\u001b[0m \u001b[35mString\u001b[0m is not a value"})[0m
[0m[[0m[0mdebug[0m] [0m[0mjsonRpcNotify: JsonRpcNotificationMessage(2.0, build/publishDiagnostics, {"textDocument":{"uri":"file:///C:/Users/mehra/Documents/GitHub/nando/apl/util.scala"},"buildTarget":{"uri":"file:/C:/Users/mehra/Documents/GitHub/nando/apl/#apl/Compile"},"diagnostics":[{"range":{"start":{"line":22,"character":16},"end":{"line":22,"character":20}},"severity":1,"code":"50","source":"sbt","message":"\u001b[33mclass\u001b[0m \u001b[35mData\u001b[0m in \u001b[33mpackage\u001b[0m \u001b[35mutil\u001b[0m does not take parameters"}],"reset":false})[0m
[0m[[0m[31merror[0m] [0m[0m[31m[31m-- [E050] Type Error: C:\Users\mehra\Documents\GitHub\nando\apl\util.scala:23:16 [0m[0m[0m
[0m[[0m[31merror[0m] [0m[0m[31m23 |[0m                [33mthis[0m(DataType.String, ref)[0m
[0m[[0m[31merror[0m] [0m[0m[31m[31m   |[0m                ^^^^[0m[0m
[0m[[0m[31merror[0m] [0m[0m[31m   |[0m                [33mclass[0m [35mData[0m in [33mpackage[0m [35mutil[0m does not take parameters[0m
[0m[[0m[31merror[0m] [0m[0m[31m   |[0m[0m
[0m[[0m[31merror[0m] [0m[0m[31m   |[0m longer explanation available when compiling with `-explain`[0m
[0m[[0m[0mdebug[0m] [0m[0mjsonRpcNotify: JsonRpcNotificationMessage(2.0, build/logMessage, {"type":1,"message":"\u001b[31m\u001b[31m-- [E050] Type Error: C:\\Users\\mehra\\Documents\\GitHub\\nando\\apl\\util.scala:23:16 \u001b[0m\u001b[0m\r\n\u001b[31m23 |\u001b[0m                \u001b[33mthis\u001b[0m(DataType.String, ref)\r\n\u001b[31m\u001b[31m   |\u001b[0m                ^^^^\u001b[0m\r\n\u001b[31m   |\u001b[0m                \u001b[33mclass\u001b[0m \u001b[35mData\u001b[0m in \u001b[33mpackage\u001b[0m \u001b[35mutil\u001b[0m does not take parameters\r\n\u001b[31m   |\u001b[0m\r\n\u001b[31m   |\u001b[0m longer explanation available when compiling with `-explain`"})[0m
[0m[[0m[0mdebug[0m] [0m[0mjsonRpcNotify: JsonRpcNotificationMessage(2.0, build/publishDiagnostics, {"textDocument":{"uri":"file:///C:/Users/mehra/Documents/GitHub/nando/apl/util.scala"},"buildTarget":{"uri":"file:/C:/Users/mehra/Documents/GitHub/nando/apl/#apl/Compile"},"diagnostics":[{"range":{"start":{"line":22,"character":38},"end":{"line":22,"character":41}},"severity":1,"code":"119","source":"sbt","message":"\u001b[33mpackage\u001b[0m \u001b[35mscala.ref\u001b[0m is not a value"}],"reset":false})[0m
[0m[[0m[31merror[0m] [0m[0m[31m[31m-- [E119] Type Error: C:\Users\mehra\Documents\GitHub\nando\apl\util.scala:23:38 [0m[0m[0m
[0m[[0m[31merror[0m] [0m[0m[31m23 |[0m                [33mthis[0m(DataType.String, ref)[0m
[0m[[0m[31merror[0m] [0m[0m[31m[31m   |[0m                                      ^^^[0m[0m
[0m[[0m[31merror[0m] [0m[0m[31m   |[0m                                      [33mpackage[0m [35mscala.ref[0m is not a value[0m
[0m[[0m[0mdebug[0m] [0m[0mjsonRpcNotify: JsonRpcNotificationMessage(2.0, build/logMessage, {"type":1,"message":"\u001b[31m\u001b[31m-- [E119] Type Error: C:\\Users\\mehra\\Documents\\GitHub\\nando\\apl\\util.scala:23:38 \u001b[0m\u001b[0m\r\n\u001b[31m23 |\u001b[0m                \u001b[33mthis\u001b[0m(DataType.String, ref)\r\n\u001b[31m\u001b[31m   |\u001b[0m                                      ^^^\u001b[0m\r\n\u001b[31m   |\u001b[0m                                      \u001b[33mpackage\u001b[0m \u001b[35mscala.ref\u001b[0m is not a value"})[0m
[0m[[0m[0mdebug[0m] [0m[0mjsonRpcNotify: JsonRpcNotificationMessage(2.0, build/publishDiagnostics, {"textDocument":{"uri":"file:///C:/Users/mehra/Documents/GitHub/nando/apl/util.scala"},"buildTarget":{"uri":"file:/C:/Users/mehra/Documents/GitHub/nando/apl/#apl/Compile"},"diagnostics":[{"range":{"start":{"line":24,"character":17},"end":{"line":24,"character":27}},"severity":1,"code":"-1","source":"sbt","message":"invalid pattern"}],"reset":false})[0m
[0m[[0m[31merror[0m] [0m[0m[31m[31m-- Error: C:\Users\mehra\Documents\GitHub\nando\apl\util.scala:25:21 -----------[0m[0m[0m
[0m[[0m[31merror[0m] [0m[0m[31m25 |[0m            [33mcase[0m List[Data] => {[0m
[0m[[0m[31merror[0m] [0m[0m[31m[31m   |[0m                 ^^^^^^^^^^[0m[0m
[0m[[0m[31merror[0m] [0m[0m[31m   |[0m                 invalid pattern[0m
[0m[[0m[0mdebug[0m] [0m[0mjsonRpcNotify: JsonRpcNotificationMessage(2.0, build/logMessage, {"type":1,"message":"\u001b[31m\u001b[31m-- Error: C:\\Users\\mehra\\Documents\\GitHub\\nando\\apl\\util.scala:25:21 -----------\u001b[0m\u001b[0m\r\n\u001b[31m25 |\u001b[0m            \u001b[33mcase\u001b[0m List[Data] => {\r\n\u001b[31m\u001b[31m   |\u001b[0m                 ^^^^^^^^^^\u001b[0m\r\n\u001b[31m   |\u001b[0m                 invalid pattern"})[0m
[0m[[0m[0mdebug[0m] [0m[0mjsonRpcNotify: JsonRpcNotificationMessage(2.0, build/publishDiagnostics, {"textDocument":{"uri":"file:///C:/Users/mehra/Documents/GitHub/nando/apl/util.scala"},"buildTarget":{"uri":"file:/C:/Users/mehra/Documents/GitHub/nando/apl/#apl/Compile"},"diagnostics":[{"range":{"start":{"line":25,"character":16},"end":{"line":25,"character":20}},"severity":1,"code":"50","source":"sbt","message":"\u001b[33mclass\u001b[0m \u001b[35mData\u001b[0m in \u001b[33mpackage\u001b[0m \u001b[35mutil\u001b[0m does not take parameters"}],"reset":false})[0m
[0m[[0m[31merror[0m] [0m[0m[31m[31m-- [E050] Type Error: C:\Users\mehra\Documents\GitHub\nando\apl\util.scala:26:16 [0m[0m[0m
[0m[[0m[31merror[0m] [0m[0m[31m26 |[0m                [33mthis[0m(DataType.Array, ref)[0m
[0m[[0m[31merror[0m] [0m[0m[31m[31m   |[0m                ^^^^[0m[0m
[0m[[0m[31merror[0m] [0m[0m[31m   |[0m                [33mclass[0m [35mData[0m in [33mpackage[0m [35mutil[0m does not take parameters[0m
[0m[[0m[31merror[0m] [0m[0m[31m   |[0m[0m
[0m[[0m[31merror[0m] [0m[0m[31m   |[0m longer explanation available when compiling with `-explain`[0m
[0m[[0m[0mdebug[0m] [0m[0mjsonRpcNotify: JsonRpcNotificationMessage(2.0, build/logMessage, {"type":1,"message":"\u001b[31m\u001b[31m-- [E050] Type Error: C:\\Users\\mehra\\Documents\\GitHub\\nando\\apl\\util.scala:26:16 \u001b[0m\u001b[0m\r\n\u001b[31m26 |\u001b[0m                \u001b[33mthis\u001b[0m(DataType.Array, ref)\r\n\u001b[31m\u001b[31m   |\u001b[0m                ^^^^\u001b[0m\r\n\u001b[31m   |\u001b[0m                \u001b[33mclass\u001b[0m \u001b[35mData\u001b[0m in \u001b[33mpackage\u001b[0m \u001b[35mutil\u001b[0m does not take parameters\r\n\u001b[31m   |\u001b[0m\r\n\u001b[31m   |\u001b[0m longer explanation available when compiling with `-explain`"})[0m
[0m[[0m[0mdebug[0m] [0m[0mjsonRpcNotify: JsonRpcNotificationMessage(2.0, build/publishDiagnostics, {"textDocument":{"uri":"file:///C:/Users/mehra/Documents/GitHub/nando/apl/util.scala"},"buildTarget":{"uri":"file:/C:/Users/mehra/Documents/GitHub/nando/apl/#apl/Compile"},"diagnostics":[{"range":{"start":{"line":25,"character":37},"end":{"line":25,"character":40}},"severity":1,"code":"119","source":"sbt","message":"\u001b[33mpackage\u001b[0m \u001b[35mscala.ref\u001b[0m is not a value"}],"reset":false})[0m
[0m[[0m[31merror[0m] [0m[0m[31m[31m-- [E119] Type Error: C:\Users\mehra\Documents\GitHub\nando\apl\util.scala:26:37 [0m[0m[0m
[0m[[0m[31merror[0m] [0m[0m[31m26 |[0m                [33mthis[0m(DataType.Array, ref)[0m
[0m[[0m[31merror[0m] [0m[0m[31m[31m   |[0m                                     ^^^[0m[0m
[0m[[0m[31merror[0m] [0m[0m[31m   |[0m                                     [33mpackage[0m [35mscala.ref[0m is not a value[0m
[0m[[0m[0mdebug[0m] [0m[0mjsonRpcNotify: JsonRpcNotificationMessage(2.0, build/logMessage, {"type":1,"message":"\u001b[31m\u001b[31m-- [E119] Type Error: C:\\Users\\mehra\\Documents\\GitHub\\nando\\apl\\util.scala:26:37 \u001b[0m\u001b[0m\r\n\u001b[31m26 |\u001b[0m                \u001b[33mthis\u001b[0m(DataType.Array, ref)\r\n\u001b[31m\u001b[31m   |\u001b[0m                                     ^^^\u001b[0m\r\n\u001b[31m   |\u001b[0m                                     \u001b[33mpackage\u001b[0m \u001b[35mscala.ref\u001b[0m is not a value"})[0m
[0m[[0m[0mdebug[0m] [0m[0mjsonRpcNotify: JsonRpcNotificationMessage(2.0, build/publishDiagnostics, {"textDocument":{"uri":"file:///C:/Users/mehra/Documents/GitHub/nando/apl/util.scala"},"buildTarget":{"uri":"file:/C:/Users/mehra/Documents/GitHub/nando/apl/#apl/Compile"},"diagnostics":[{"range":{"start":{"line":27,"character":17},"end":{"line":27,"character":36}},"severity":1,"code":"-1","source":"sbt","message":"invalid pattern"}],"reset":false})[0m
[0m[[0m[31merror[0m] [0m[0m[31m[31m-- Error: C:\Users\mehra\Documents\GitHub\nando\apl\util.scala:28:24 -----------[0m[0m[0m
[0m[[0m[31merror[0m] [0m[0m[31m28 |[0m            [33mcase[0m HashMap[Data, Data] => {[0m
[0m[[0m[31merror[0m] [0m[0m[31m[31m   |[0m                 ^^^^^^^^^^^^^^^^^^^[0m[0m
[0m[[0m[31merror[0m] [0m[0m[31m   |[0m                 invalid pattern[0m
[0m[[0m[0mdebug[0m] [0m[0mjsonRpcNotify: JsonRpcNotificationMessage(2.0, build/logMessage, {"type":1,"message":"\u001b[31m\u001b[31m-- Error: C:\\Users\\mehra\\Documents\\GitHub\\nando\\apl\\util.scala:28:24 -----------\u001b[0m\u001b[0m\r\n\u001b[31m28 |\u001b[0m            \u001b[33mcase\u001b[0m HashMap[Data, Data] => {\r\n\u001b[31m\u001b[31m   |\u001b[0m                 ^^^^^^^^^^^^^^^^^^^\u001b[0m\r\n\u001b[31m   |\u001b[0m                 invalid pattern"})[0m
[0m[[0m[0mdebug[0m] [0m[0mjsonRpcNotify: JsonRpcNotificationMessage(2.0, build/publishDiagnostics, {"textDocument":{"uri":"file:///C:/Users/mehra/Documents/GitHub/nando/apl/util.scala"},"buildTarget":{"uri":"file:/C:/Users/mehra/Documents/GitHub/nando/apl/#apl/Compile"},"diagnostics":[{"range":{"start":{"line":28,"character":16},"end":{"line":28,"character":20}},"severity":1,"code":"50","source":"sbt","message":"\u001b[33mclass\u001b[0m \u001b[35mData\u001b[0m in \u001b[33mpackage\u001b[0m \u001b[35mutil\u001b[0m does not take parameters"}],"reset":false})[0m
[0m[[0m[31merror[0m] [0m[0m[31m[31m-- [E050] Type Error: C:\Users\mehra\Documents\GitHub\nando\apl\util.scala:29:16 [0m[0m[0m
[0m[[0m[31merror[0m] [0m[0m[31m29 |[0m                [33mthis[0m(DataType.Object, ref)[0m
[0m[[0m[31merror[0m] [0m[0m[31m[31m   |[0m                ^^^^[0m[0m
[0m[[0m[31merror[0m] [0m[0m[31m   |[0m                [33mclass[0m [35mData[0m in [33mpackage[0m [35mutil[0m does not take parameters[0m
[0m[[0m[31merror[0m] [0m[0m[31m   |[0m[0m
[0m[[0m[31merror[0m] [0m[0m[31m   |[0m longer explanation available when compiling with `-explain`[0m
[0m[[0m[0mdebug[0m] [0m[0mjsonRpcNotify: JsonRpcNotificationMessage(2.0, build/logMessage, {"type":1,"message":"\u001b[31m\u001b[31m-- [E050] Type Error: C:\\Users\\mehra\\Documents\\GitHub\\nando\\apl\\util.scala:29:16 \u001b[0m\u001b[0m\r\n\u001b[31m29 |\u001b[0m                \u001b[33mthis\u001b[0m(DataType.Object, ref)\r\n\u001b[31m\u001b[31m   |\u001b[0m                ^^^^\u001b[0m\r\n\u001b[31m   |\u001b[0m                \u001b[33mclass\u001b[0m \u001b[35mData\u001b[0m in \u001b[33mpackage\u001b[0m \u001b[35mutil\u001b[0m does not take parameters\r\n\u001b[31m   |\u001b[0m\r\n\u001b[31m   |\u001b[0m longer explanation available when compiling with `-explain`"})[0m
[0m[[0m[0mdebug[0m] [0m[0mjsonRpcNotify: JsonRpcNotificationMessage(2.0, build/publishDiagnostics, {"textDocument":{"uri":"file:///C:/Users/mehra/Documents/GitHub/nando/apl/util.scala"},"buildTarget":{"uri":"file:/C:/Users/mehra/Documents/GitHub/nando/apl/#apl/Compile"},"diagnostics":[{"range":{"start":{"line":28,"character":38},"end":{"line":28,"character":41}},"severity":1,"code":"119","source":"sbt","message":"\u001b[33mpackage\u001b[0m \u001b[35mscala.ref\u001b[0m is not a value"}],"reset":false})[0m
[0m[[0m[31merror[0m] [0m[0m[31m[31m-- [E119] Type Error: C:\Users\mehra\Documents\GitHub\nando\apl\util.scala:29:38 [0m[0m[0m
[0m[[0m[31merror[0m] [0m[0m[31m29 |[0m                [33mthis[0m(DataType.Object, ref)[0m
[0m[[0m[31merror[0m] [0m[0m[31m[31m   |[0m                                      ^^^[0m[0m
[0m[[0m[31merror[0m] [0m[0m[31m   |[0m                                      [33mpackage[0m [35mscala.ref[0m is not a value[0m
[0m[[0m[0mdebug[0m] [0m[0mjsonRpcNotify: JsonRpcNotificationMessage(2.0, build/logMessage, {"type":1,"message":"\u001b[31m\u001b[31m-- [E119] Type Error: C:\\Users\\mehra\\Documents\\GitHub\\nando\\apl\\util.scala:29:38 \u001b[0m\u001b[0m\r\n\u001b[31m29 |\u001b[0m                \u001b[33mthis\u001b[0m(DataType.Object, ref)\r\n\u001b[31m\u001b[31m   |\u001b[0m                                      ^^^\u001b[0m\r\n\u001b[31m   |\u001b[0m                                      \u001b[33mpackage\u001b[0m \u001b[35mscala.ref\u001b[0m is not a value"})[0m
[0m[[0m[0mdebug[0m] [0m[0mjsonRpcNotify: JsonRpcNotificationMessage(2.0, build/publishDiagnostics, {"textDocument":{"uri":"file:///C:/Users/mehra/Documents/GitHub/nando/apl/util.scala"},"buildTarget":{"uri":"file:/C:/Users/mehra/Documents/GitHub/nando/apl/#apl/Compile"},"diagnostics":[{"range":{"start":{"line":32,"character":16},"end":{"line":32,"character":20}},"severity":1,"code":"50","source":"sbt","message":"\u001b[33mclass\u001b[0m \u001b[35mData\u001b[0m in \u001b[33mpackage\u001b[0m \u001b[35mutil\u001b[0m does not take parameters"}],"reset":false})[0m
[0m[[0m[31merror[0m] [0m[0m[31m[31m-- [E050] Type Error: C:\Users\mehra\Documents\GitHub\nando\apl\util.scala:33:16 [0m[0m[0m
[0m[[0m[31merror[0m] [0m[0m[31m33 |[0m                [33mthis[0m()[0m
[0m[[0m[31merror[0m] [0m[0m[31m[31m   |[0m                ^^^^[0m[0m
[0m[[0m[31merror[0m] [0m[0m[31m   |[0m                [33mclass[0m [35mData[0m in [33mpackage[0m [35mutil[0m does not take parameters[0m
[0m[[0m[31merror[0m] [0m[0m[31m   |[0m[0m
[0m[[0m[31merror[0m] [0m[0m[31m   |[0m longer explanation available when compiling with `-explain`[0m
[0m[[0m[0mdebug[0m] [0m[0mjsonRpcNotify: JsonRpcNotificationMessage(2.0, build/logMessage, {"type":1,"message":"\u001b[31m\u001b[31m-- [E050] Type Error: C:\\Users\\mehra\\Documents\\GitHub\\nando\\apl\\util.scala:33:16 \u001b[0m\u001b[0m\r\n\u001b[31m33 |\u001b[0m                \u001b[33mthis\u001b[0m()\r\n\u001b[31m\u001b[31m   |\u001b[0m                ^^^^\u001b[0m\r\n\u001b[31m   |\u001b[0m                \u001b[33mclass\u001b[0m \u001b[35mData\u001b[0m in \u001b[33mpackage\u001b[0m \u001b[35mutil\u001b[0m does not take parameters\r\n\u001b[31m   |\u001b[0m\r\n\u001b[31m   |\u001b[0m longer explanation available when compiling with `-explain`"})[0m
[0m[[0m[0mdebug[0m] [0m[0mjsonRpcNotify: JsonRpcNotificationMessage(2.0, build/publishDiagnostics, {"textDocument":{"uri":"file:///C:/Users/mehra/Documents/GitHub/nando/apl/util.scala"},"buildTarget":{"uri":"file:/C:/Users/mehra/Documents/GitHub/nando/apl/#apl/Compile"},"diagnostics":[{"range":{"start":{"line":59,"character":31},"end":{"line":59,"character":49}},"severity":1,"code":"53","source":"sbt","message":"Object does not take type parameters"}],"reset":false})[0m
[0m[[0m[31merror[0m] [0m[0m[31m[31m-- [E053] Type Error: C:\Users\mehra\Documents\GitHub\nando\apl\util.scala:60:31 [0m[0m[0m
[0m[[0m[31merror[0m] [0m[0m[31m60 |[0m                v.asInstanceOf[[35mObject[0m[[35mData[0m, [35mData[0m]][0m
[0m[[0m[31merror[0m] [0m[0m[31m[31m   |[0m                               ^^^^^^^^^^^^^^^^^^[0m[0m
[0m[[0m[31merror[0m] [0m[0m[31m   |[0m                               Object does not take type parameters[0m
[0m[[0m[31merror[0m] [0m[0m[31m   |[0m[0m
[0m[[0m[31merror[0m] [0m[0m[31m   |[0m longer explanation available when compiling with `-explain`[0m
[0m[[0m[0mdebug[0m] [0m[0mjsonRpcNotify: JsonRpcNotificationMessage(2.0, build/logMessage, {"type":1,"message":"\u001b[31m\u001b[31m-- [E053] Type Error: C:\\Users\\mehra\\Documents\\GitHub\\nando\\apl\\util.scala:60:31 \u001b[0m\u001b[0m\r\n\u001b[31m60 |\u001b[0m                v.asInstanceOf[\u001b[35mObject\u001b[0m[\u001b[35mData\u001b[0m, \u001b[35mData\u001b[0m]]\r\n\u001b[31m\u001b[31m   |\u001b[0m                               ^^^^^^^^^^^^^^^^^^\u001b[0m\r\n\u001b[31m   |\u001b[0m                               Object does not take type parameters\r\n\u001b[31m   |\u001b[0m\r\n\u001b[31m   |\u001b[0m longer explanation available when compiling with `-explain`"})[0m
[0m[[0m[0mdebug[0m] [0m[0mjsonRpcNotify: JsonRpcNotificationMessage(2.0, build/publishDiagnostics, {"textDocument":{"uri":"file:///C:/Users/mehra/Documents/GitHub/nando/apl/util.scala"},"buildTarget":{"uri":"file:/C:/Users/mehra/Documents/GitHub/nando/apl/#apl/Compile"},"diagnostics":[{"range":{"start":{"line":66,"character":17},"end":{"line":66,"character":20}},"severity":1,"code":"6","source":"sbt","message":"Not found: op2"}],"reset":false})[0m
[0m[[0m[31merror[0m] [0m[0m[31m[31m-- [E006] Not Found Error: C:\Users\mehra\Documents\GitHub\nando\apl\util.scala:67:17 [0m[0m[0m
[0m[[0m[31merror[0m] [0m[0m[31m67 |[0m        [33mval[0m [36mv2[0m = op2.get_tv()[0m
[0m[[0m[31merror[0m] [0m[0m[31m[31m   |[0m                 ^^^[0m[0m
[0m[[0m[31merror[0m] [0m[0m[31m   |[0m                 Not found: op2[0m
[0m[[0m[31merror[0m] [0m[0m[31m   |[0m[0m
[0m[[0m[31merror[0m] [0m[0m[31m   |[0m longer explanation available when compiling with `-explain`[0m
[0m[[0m[0mdebug[0m] [0m[0mjsonRpcNotify: JsonRpcNotificationMessage(2.0, build/logMessage, {"type":1,"message":"\u001b[31m\u001b[31m-- [E006] Not Found Error: C:\\Users\\mehra\\Documents\\GitHub\\nando\\apl\\util.scala:67:17 \u001b[0m\u001b[0m\r\n\u001b[31m67 |\u001b[0m        \u001b[33mval\u001b[0m \u001b[36mv2\u001b[0m = op2.get_tv()\r\n\u001b[31m\u001b[31m   |\u001b[0m                 ^^^\u001b[0m\r\n\u001b[31m   |\u001b[0m                 Not found: op2\r\n\u001b[31m   |\u001b[0m\r\n\u001b[31m   |\u001b[0m longer explanation available when compiling with `-explain`"})[0m
[0m[[0m[0mdebug[0m] [0m[0mjsonRpcNotify: JsonRpcNotificationMessage(2.0, build/publishDiagnostics, {"textDocument":{"uri":"file:///C:/Users/mehra/Documents/GitHub/nando/apl/util.scala"},"buildTarget":{"uri":"file:/C:/Users/mehra/Documents/GitHub/nando/apl/#apl/Compile"},"diagnostics":[{"range":{"start":{"line":68,"character":12},"end":{"line":68,"character":15}},"severity":1,"code":"6","source":"sbt","message":"Not found: op2"}],"reset":false})[0m
[0m[[0m[31merror[0m] [0m[0m[31m[31m-- [E006] Not Found Error: C:\Users\mehra\Documents\GitHub\nando\apl\util.scala:69:12 [0m[0m[0m
[0m[[0m[31merror[0m] [0m[0m[31m69 |[0m        (t, op2.t) [33mmatch[0m {[0m
[0m[[0m[31merror[0m] [0m[0m[31m[31m   |[0m            ^^^[0m[0m
[0m[[0m[31merror[0m] [0m[0m[31m   |[0m            Not found: op2[0m
[0m[[0m[31merror[0m] [0m[0m[31m   |[0m[0m
[0m[[0m[31merror[0m] [0m[0m[31m   |[0m longer explanation available when compiling with `-explain`[0m
[0m[[0m[0mdebug[0m] [0m[0mjsonRpcNotify: JsonRpcNotificationMessage(2.0, build/logMessage, {"type":1,"message":"\u001b[31m\u001b[31m-- [E006] Not Found Error: C:\\Users\\mehra\\Documents\\GitHub\\nando\\apl\\util.scala:69:12 \u001b[0m\u001b[0m\r\n\u001b[31m69 |\u001b[0m        (t, op2.t) \u001b[33mmatch\u001b[0m {\r\n\u001b[31m\u001b[31m   |\u001b[0m            ^^^\u001b[0m\r\n\u001b[31m   |\u001b[0m            Not found: op2\r\n\u001b[31m   |\u001b[0m\r\n\u001b[31m   |\u001b[0m longer explanation available when compiling with `-explain`"})[0m
[0m[[0m[0mdebug[0m] [0m[0mjsonRpcNotify: JsonRpcNotificationMessage(2.0, build/publishDiagnostics, {"textDocument":{"uri":"file:///C:/Users/mehra/Documents/GitHub/nando/apl/util.scala"},"buildTarget":{"uri":"file:/C:/Users/mehra/Documents/GitHub/nando/apl/#apl/Compile"},"diagnostics":[{"range":{"start":{"line":70,"character":16},"end":{"line":70,"character":21}},"severity":1,"code":"8","source":"sbt","message":"value += is not a member of Unit - did you mean v1.!=?"}],"reset":false})[0m
[0m[[0m[31merror[0m] [0m[0m[31m[31m-- [E008] Not Found Error: C:\Users\mehra\Documents\GitHub\nando\apl\util.scala:71:19 [0m[0m[0m
[0m[[0m[31merror[0m] [0m[0m[31m71 |[0m                v1 += (v2([31m0[0m), v2([31m1[0m))[0m
[0m[[0m[31merror[0m] [0m[0m[31m[31m   |[0m                ^^^^^[0m[0m
[0m[[0m[31merror[0m] [0m[0m[31m   |[0m                value += is not a member of Unit - did you mean v1.!=?[0m
[0m[[0m[0mdebug[0m] [0m[0mjsonRpcNotify: JsonRpcNotificationMessage(2.0, build/logMessage, {"type":1,"message":"\u001b[31m\u001b[31m-- [E008] Not Found Error: C:\\Users\\mehra\\Documents\\GitHub\\nando\\apl\\util.scala:71:19 \u001b[0m\u001b[0m\r\n\u001b[31m71 |\u001b[0m                v1 += (v2(\u001b[31m0\u001b[0m), v2(\u001b[31m1\u001b[0m))\r\n\u001b[31m\u001b[31m   |\u001b[0m                ^^^^^\u001b[0m\r\n\u001b[31m   |\u001b[0m                value += is not a member of Unit - did you mean v1.!=?"})[0m
[0m[[0m[0mdebug[0m] [0m[0mjsonRpcNotify: JsonRpcNotificationMessage(2.0, build/publishDiagnostics, {"textDocument":{"uri":"file:///C:/Users/mehra/Documents/GitHub/nando/apl/util.scala"},"buildTarget":{"uri":"file:/C:/Users/mehra/Documents/GitHub/nando/apl/#apl/Compile"},"diagnostics":[{"range":{"start":{"line":73,"character":16},"end":{"line":73,"character":21}},"severity":1,"code":"8","source":"sbt","message":"value += is not a member of Unit - did you mean v1.!=?"}],"reset":false})[0m
[0m[[0m[31merror[0m] [0m[0m[31m[31m-- [E008] Not Found Error: C:\Users\mehra\Documents\GitHub\nando\apl\util.scala:74:19 [0m[0m[0m
[0m[[0m[31merror[0m] [0m[0m[31m74 |[0m                v1 += v2[0m
[0m[[0m[31merror[0m] [0m[0m[31m[31m   |[0m                ^^^^^[0m[0m
[0m[[0m[31merror[0m] [0m[0m[31m   |[0m                value += is not a member of Unit - did you mean v1.!=?[0m
[0m[[0m[0mdebug[0m] [0m[0mjsonRpcNotify: JsonRpcNotificationMessage(2.0, build/logMessage, {"type":1,"message":"\u001b[31m\u001b[31m-- [E008] Not Found Error: C:\\Users\\mehra\\Documents\\GitHub\\nando\\apl\\util.scala:74:19 \u001b[0m\u001b[0m\r\n\u001b[31m74 |\u001b[0m                v1 += v2\r\n\u001b[31m\u001b[31m   |\u001b[0m                ^^^^^\u001b[0m\r\n\u001b[31m   |\u001b[0m                value += is not a member of Unit - did you mean v1.!=?"})[0m
[0m[[0m[0mdebug[0m] [0m[0mjsonRpcNotify: JsonRpcNotificationMessage(2.0, build/publishDiagnostics, {"textDocument":{"uri":"file:///C:/Users/mehra/Documents/GitHub/nando/apl/util.scala"},"buildTarget":{"uri":"file:/C:/Users/mehra/Documents/GitHub/nando/apl/#apl/Compile"},"diagnostics":[{"range":{"start":{"line":88,"character":25},"end":{"line":88,"character":29}},"severity":1,"code":"8","source":"sbt","message":"value + is not a member of Unit, but could be made available as an extension method.\n\nOne of the following imports might make progress towards fixing the problem:\n\n  import math.Fractional.Implicits.infixFractionalOps\n  import math.Integral.Implicits.infixIntegralOps\n  import math.Numeric.Implicits.infixNumericOps\n\n"}],"reset":false})[0m
[0m[[0m[31merror[0m] [0m[0m[31m[31m-- [E008] Not Found Error: C:\Users\mehra\Documents\GitHub\nando\apl\util.scala:89:28 [0m[0m[0m
[0m[[0m[31merror[0m] [0m[0m[31m89 |[0m                [33mnew[0m [35mData[0m(v1 + v2)[0m
[0m[[0m[31merror[0m] [0m[0m[31m[31m   |[0m                         ^^^^[0m[0m
[0m[[0m[31merror[0m] [0m[0m[31m   |[0mvalue + is not a member of Unit, but could be made available as an extension method.[0m
[0m[[0m[31merror[0m] [0m[0m[31m   |[0m[0m
[0m[[0m[31merror[0m] [0m[0m[31m   |[0mOne of the following imports might make progress towards fixing the problem:[0m
[0m[[0m[31merror[0m] [0m[0m[31m   |[0m[0m
[0m[[0m[31merror[0m] [0m[0m[31m   |[0m  import math.Fractional.Implicits.infixFractionalOps[0m
[0m[[0m[31merror[0m] [0m[0m[31m   |[0m  import math.Integral.Implicits.infixIntegralOps[0m
[0m[[0m[31merror[0m] [0m[0m[31m   |[0m  import math.Numeric.Implicits.infixNumericOps[0m
[0m[[0m[31merror[0m] [0m[0m[31m   |[0m[0m
[0m[[0m[0mdebug[0m] [0m[0mjsonRpcNotify: JsonRpcNotificationMessage(2.0, build/logMessage, {"type":1,"message":"\u001b[31m\u001b[31m-- [E008] Not Found Error: C:\\Users\\mehra\\Documents\\GitHub\\nando\\apl\\util.scala:89:28 \u001b[0m\u001b[0m\r\n\u001b[31m89 |\u001b[0m                \u001b[33mnew\u001b[0m \u001b[35mData\u001b[0m(v1 + v2)\r\n\u001b[31m\u001b[31m   |\u001b[0m                         ^^^^\u001b[0m\r\n\u001b[31m   |\u001b[0mvalue + is not a member of Unit, but could be made available as an extension method.\r\n\u001b[31m   |\u001b[0m\r\n\u001b[31m   |\u001b[0mOne of the following imports might make progress towards fixing the problem:\r\n\u001b[31m   |\u001b[0m\r\n\u001b[31m   |\u001b[0m  import math.Fractional.Implicits.infixFractionalOps\r\n\u001b[31m   |\u001b[0m  import math.Integral.Implicits.infixIntegralOps\r\n\u001b[31m   |\u001b[0m  import math.Numeric.Implicits.infixNumericOps\r\n\u001b[31m   |\u001b[0m"})[0m
[0m[[0m[0mdebug[0m] [0m[0mjsonRpcNotify: JsonRpcNotificationMessage(2.0, build/publishDiagnostics, {"textDocument":{"uri":"file:///C:/Users/mehra/Documents/GitHub/nando/apl/util.scala"},"buildTarget":{"uri":"file:/C:/Users/mehra/Documents/GitHub/nando/apl/#apl/Compile"},"diagnostics":[{"range":{"start":{"line":92,"character":25},"end":{"line":92,"character":30}},"severity":1,"code":"8","source":"sbt","message":"value ++ is not a member of Unit"}],"reset":false})[0m
[0m[[0m[31merror[0m] [0m[0m[31m[31m-- [E008] Not Found Error: C:\Users\mehra\Documents\GitHub\nando\apl\util.scala:93:28 [0m[0m[0m
[0m[[0m[31merror[0m] [0m[0m[31m93 |[0m                [33mnew[0m [35mData[0m(v1 ++ v2)[0m
[0m[[0m[31merror[0m] [0m[0m[31m[31m   |[0m                         ^^^^^[0m[0m
[0m[[0m[31merror[0m] [0m[0m[31m   |[0m                         value ++ is not a member of Unit[0m
[0m[[0m[0mdebug[0m] [0m[0mjsonRpcNotify: JsonRpcNotificationMessage(2.0, build/logMessage, {"type":1,"message":"\u001b[31m\u001b[31m-- [E008] Not Found Error: C:\\Users\\mehra\\Documents\\GitHub\\nando\\apl\\util.scala:93:28 \u001b[0m\u001b[0m\r\n\u001b[31m93 |\u001b[0m                \u001b[33mnew\u001b[0m \u001b[35mData\u001b[0m(v1 ++ v2)\r\n\u001b[31m\u001b[31m   |\u001b[0m                         ^^^^^\u001b[0m\r\n\u001b[31m   |\u001b[0m                         value ++ is not a member of Unit"})[0m
[0m[[0m[0mdebug[0m] [0m[0mjsonRpcNotify: JsonRpcNotificationMessage(2.0, build/publishDiagnostics, {"textDocument":{"uri":"file:///C:/Users/mehra/Documents/GitHub/nando/apl/util.scala"},"buildTarget":{"uri":"file:/C:/Users/mehra/Documents/GitHub/nando/apl/#apl/Compile"},"diagnostics":[{"range":{"start":{"line":95,"character":25},"end":{"line":95,"character":31}},"severity":1,"code":"8","source":"sbt","message":"value map is not a member of Unit"}],"reset":false})[0m
[0m[[0m[31merror[0m] [0m[0m[31m[31m-- [E008] Not Found Error: C:\Users\mehra\Documents\GitHub\nando\apl\util.scala:96:28 [0m[0m[0m
[0m[[0m[31merror[0m] [0m[0m[31m96 |[0m                [33mval[0m [36mv3[0m = v1.map([36mx[0m => {[0m
[0m[[0m[31merror[0m] [0m[0m[31m[31m   |[0m                         ^^^^^^[0m[0m
[0m[[0m[31merror[0m] [0m[0m[31m   |[0m                         value map is not a member of Unit[0m
[0m[[0m[0mdebug[0m] [0m[0mjsonRpcNotify: JsonRpcNotificationMessage(2.0, build/logMessage, {"type":1,"message":"\u001b[31m\u001b[31m-- [E008] Not Found Error: C:\\Users\\mehra\\Documents\\GitHub\\nando\\apl\\util.scala:96:28 \u001b[0m\u001b[0m\r\n\u001b[31m96 |\u001b[0m                \u001b[33mval\u001b[0m \u001b[36mv3\u001b[0m = v1.map(\u001b[36mx\u001b[0m => {\r\n\u001b[31m\u001b[31m   |\u001b[0m                         ^^^^^^\u001b[0m\r\n\u001b[31m   |\u001b[0m                         value map is not a member of Unit"})[0m
[0m[[0m[0mdebug[0m] [0m[0mjsonRpcNotify: JsonRpcNotificationMessage(2.0, build/publishDiagnostics, {"textDocument":{"uri":"file:///C:/Users/mehra/Documents/GitHub/nando/apl/util.scala"},"buildTarget":{"uri":"file:/C:/Users/mehra/Documents/GitHub/nando/apl/#apl/Compile"},"diagnostics":[{"range":{"start":{"line":105,"character":25},"end":{"line":105,"character":29}},"severity":1,"code":"8","source":"sbt","message":"value + is not a member of Unit, but could be made available as an extension method.\n\nOne of the following imports might make progress towards fixing the problem:\n\n  import math.Fractional.Implicits.infixFractionalOps\n  import math.Integral.Implicits.infixIntegralOps\n  import math.Numeric.Implicits.infixNumericOps\n\n"}],"reset":false})[0m
[0m[[0m[31merror[0m] [0m[0m[31m[31m-- [E008] Not Found Error: C:\Users\mehra\Documents\GitHub\nando\apl\util.scala:106:28 [0m[0m[0m
[0m[[0m[31merror[0m] [0m[0m[31m106 |[0m                [33mnew[0m [35mData[0m(v1 + v2.toString())[0m
[0m[[0m[31merror[0m] [0m[0m[31m[31m    |[0m                         ^^^^[0m[0m
[0m[[0m[31merror[0m] [0m[0m[31m    |[0mvalue + is not a member of Unit, but could be made available as an extension method.[0m
[0m[[0m[31merror[0m] [0m[0m[31m    |[0m[0m
[0m[[0m[31merror[0m] [0m[0m[31m    |[0mOne of the following imports might make progress towards fixing the problem:[0m
[0m[[0m[31merror[0m] [0m[0m[31m    |[0m[0m
[0m[[0m[31merror[0m] [0m[0m[31m    |[0m  import math.Fractional.Implicits.infixFractionalOps[0m
[0m[[0m[31merror[0m] [0m[0m[31m    |[0m  import math.Integral.Implicits.infixIntegralOps[0m
[0m[[0m[31merror[0m] [0m[0m[31m    |[0m  import math.Numeric.Implicits.infixNumericOps[0m
[0m[[0m[31merror[0m] [0m[0m[31m    |[0m[0m
[0m[[0m[0mdebug[0m] [0m[0mjsonRpcNotify: JsonRpcNotificationMessage(2.0, build/logMessage, {"type":1,"message":"\u001b[31m\u001b[31m-- [E008] Not Found Error: C:\\Users\\mehra\\Documents\\GitHub\\nando\\apl\\util.scala:106:28 \u001b[0m\u001b[0m\r\n\u001b[31m106 |\u001b[0m                \u001b[33mnew\u001b[0m \u001b[35mData\u001b[0m(v1 + v2.toString())\r\n\u001b[31m\u001b[31m    |\u001b[0m                         ^^^^\u001b[0m\r\n\u001b[31m    |\u001b[0mvalue + is not a member of Unit, but could be made available as an extension method.\r\n\u001b[31m    |\u001b[0m\r\n\u001b[31m    |\u001b[0mOne of the following imports might make progress towards fixing the problem:\r\n\u001b[31m    |\u001b[0m\r\n\u001b[31m    |\u001b[0m  import math.Fractional.Implicits.infixFractionalOps\r\n\u001b[31m    |\u001b[0m  import math.Integral.Implicits.infixIntegralOps\r\n\u001b[31m    |\u001b[0m  import math.Numeric.Implicits.infixNumericOps\r\n\u001b[31m    |\u001b[0m"})[0m
[0m[[0m[0mdebug[0m] [0m[0mjsonRpcNotify: JsonRpcNotificationMessage(2.0, build/publishDiagnostics, {"textDocument":{"uri":"file:///C:/Users/mehra/Documents/GitHub/nando/apl/util.scala"},"buildTarget":{"uri":"file:/C:/Users/mehra/Documents/GitHub/nando/apl/#apl/Compile"},"diagnostics":[{"range":{"start":{"line":125,"character":25},"end":{"line":125,"character":29}},"severity":1,"code":"8","source":"sbt","message":"value - is not a member of Unit, but could be made available as an extension method.\n\nOne of the following imports might make progress towards fixing the problem:\n\n  import math.Fractional.Implicits.infixFractionalOps\n  import math.Integral.Implicits.infixIntegralOps\n  import math.Numeric.Implicits.infixNumericOps\n\n"}],"reset":false})[0m
[0m[[0m[31merror[0m] [0m[0m[31m[31m-- [E008] Not Found Error: C:\Users\mehra\Documents\GitHub\nando\apl\util.scala:126:28 [0m[0m[0m
[0m[[0m[31merror[0m] [0m[0m[31m126 |[0m                [33mnew[0m [35mData[0m(v1 - v2)[0m
[0m[[0m[31merror[0m] [0m[0m[31m[31m    |[0m                         ^^^^[0m[0m
[0m[[0m[31merror[0m] [0m[0m[31m    |[0mvalue - is not a member of Unit, but could be made available as an extension method.[0m
[0m[[0m[31merror[0m] [0m[0m[31m    |[0m[0m
[0m[[0m[31merror[0m] [0m[0m[31m    |[0mOne of the following imports might make progress towards fixing the problem:[0m
[0m[[0m[31merror[0m] [0m[0m[31m    |[0m[0m
[0m[[0m[31merror[0m] [0m[0m[31m    |[0m  import math.Fractional.Implicits.infixFractionalOps[0m
[0m[[0m[31merror[0m] [0m[0m[31m    |[0m  import math.Integral.Implicits.infixIntegralOps[0m
[0m[[0m[31merror[0m] [0m[0m[31m    |[0m  import math.Numeric.Implicits.infixNumericOps[0m
[0m[[0m[31merror[0m] [0m[0m[31m    |[0m[0m
[0m[[0m[0mdebug[0m] [0m[0mjsonRpcNotify: JsonRpcNotificationMessage(2.0, build/logMessage, {"type":1,"message":"\u001b[31m\u001b[31m-- [E008] Not Found Error: C:\\Users\\mehra\\Documents\\GitHub\\nando\\apl\\util.scala:126:28 \u001b[0m\u001b[0m\r\n\u001b[31m126 |\u001b[0m                \u001b[33mnew\u001b[0m \u001b[35mData\u001b[0m(v1 - v2)\r\n\u001b[31m\u001b[31m    |\u001b[0m                         ^^^^\u001b[0m\r\n\u001b[31m    |\u001b[0mvalue - is not a member of Unit, but could be made available as an extension method.\r\n\u001b[31m    |\u001b[0m\r\n\u001b[31m    |\u001b[0mOne of the following imports might make progress towards fixing the problem:\r\n\u001b[31m    |\u001b[0m\r\n\u001b[31m    |\u001b[0m  import math.Fractional.Implicits.infixFractionalOps\r\n\u001b[31m    |\u001b[0m  import math.Integral.Implicits.infixIntegralOps\r\n\u001b[31m    |\u001b[0m  import math.Numeric.Implicits.infixNumericOps\r\n\u001b[31m    |\u001b[0m"})[0m
[0m[[0m[0mdebug[0m] [0m[0mjsonRpcNotify: JsonRpcNotificationMessage(2.0, build/publishDiagnostics, {"textDocument":{"uri":"file:///C:/Users/mehra/Documents/GitHub/nando/apl/util.scala"},"buildTarget":{"uri":"file:/C:/Users/mehra/Documents/GitHub/nando/apl/#apl/Compile"},"diagnostics":[{"range":{"start":{"line":139,"character":25},"end":{"line":139,"character":29}},"severity":1,"code":"8","source":"sbt","message":"value + is not a member of Unit, but could be made available as an extension method.\n\nOne of the following imports might make progress towards fixing the problem:\n\n  import math.Fractional.Implicits.infixFractionalOps\n  import math.Integral.Implicits.infixIntegralOps\n  import math.Numeric.Implicits.infixNumericOps\n\n"}],"reset":false})[0m
[0m[[0m[31merror[0m] [0m[0m[31m[31m-- [E008] Not Found Error: C:\Users\mehra\Documents\GitHub\nando\apl\util.scala:140:28 [0m[0m[0m
[0m[[0m[31merror[0m] [0m[0m[31m140 |[0m                [33mnew[0m [35mData[0m(v1 + [31m1[0m)[0m
[0m[[0m[31merror[0m] [0m[0m[31m[31m    |[0m                         ^^^^[0m[0m
[0m[[0m[31merror[0m] [0m[0m[31m    |[0mvalue + is not a member of Unit, but could be made available as an extension method.[0m
[0m[[0m[31merror[0m] [0m[0m[31m    |[0m[0m
[0m[[0m[31merror[0m] [0m[0m[31m    |[0mOne of the following imports might make progress towards fixing the problem:[0m
[0m[[0m[31merror[0m] [0m[0m[31m    |[0m[0m
[0m[[0m[31merror[0m] [0m[0m[31m    |[0m  import math.Fractional.Implicits.infixFractionalOps[0m
[0m[[0m[31merror[0m] [0m[0m[31m    |[0m  import math.Integral.Implicits.infixIntegralOps[0m
[0m[[0m[31merror[0m] [0m[0m[31m    |[0m  import math.Numeric.Implicits.infixNumericOps[0m
[0m[[0m[31merror[0m] [0m[0m[31m    |[0m[0m
[0m[[0m[0mdebug[0m] [0m[0mjsonRpcNotify: JsonRpcNotificationMessage(2.0, build/logMessage, {"type":1,"message":"\u001b[31m\u001b[31m-- [E008] Not Found Error: C:\\Users\\mehra\\Documents\\GitHub\\nando\\apl\\util.scala:140:28 \u001b[0m\u001b[0m\r\n\u001b[31m140 |\u001b[0m                \u001b[33mnew\u001b[0m \u001b[35mData\u001b[0m(v1 + \u001b[31m1\u001b[0m)\r\n\u001b[31m\u001b[31m    |\u001b[0m                         ^^^^\u001b[0m\r\n\u001b[31m    |\u001b[0mvalue + is not a member of Unit, but could be made available as an extension method.\r\n\u001b[31m    |\u001b[0m\r\n\u001b[31m    |\u001b[0mOne of the following imports might make progress towards fixing the problem:\r\n\u001b[31m    |\u001b[0m\r\n\u001b[31m    |\u001b[0m  import math.Fractional.Implicits.infixFractionalOps\r\n\u001b[31m    |\u001b[0m  import math.Integral.Implicits.infixIntegralOps\r\n\u001b[31m    |\u001b[0m  import math.Numeric.Implicits.infixNumericOps\r\n\u001b[31m    |\u001b[0m"})[0m
[0m[[0m[0mdebug[0m] [0m[0mjsonRpcNotify: JsonRpcNotificationMessage(2.0, build/publishDiagnostics, {"textDocument":{"uri":"file:///C:/Users/mehra/Documents/GitHub/nando/apl/util.scala"},"buildTarget":{"uri":"file:/C:/Users/mehra/Documents/GitHub/nando/apl/#apl/Compile"},"diagnostics":[{"range":{"start":{"line":153,"character":25},"end":{"line":153,"character":29}},"severity":1,"code":"8","source":"sbt","message":"value - is not a member of Unit, but could be made available as an extension method.\n\nOne of the following imports might make progress towards fixing the problem:\n\n  import math.Fractional.Implicits.infixFractionalOps\n  import math.Integral.Implicits.infixIntegralOps\n  import math.Numeric.Implicits.infixNumericOps\n\n"}],"reset":false})[0m
[0m[[0m[31merror[0m] [0m[0m[31m[31m-- [E008] Not Found Error: C:\Users\mehra\Documents\GitHub\nando\apl\util.scala:154:28 [0m[0m[0m
[0m[[0m[31merror[0m] [0m[0m[31m154 |[0m                [33mnew[0m [35mData[0m(v1 - [31m1[0m)[0m
[0m[[0m[31merror[0m] [0m[0m[31m[31m    |[0m                         ^^^^[0m[0m
[0m[[0m[31merror[0m] [0m[0m[31m    |[0mvalue - is not a member of Unit, but could be made available as an extension method.[0m
[0m[[0m[31merror[0m] [0m[0m[31m    |[0m[0m
[0m[[0m[31merror[0m] [0m[0m[31m    |[0mOne of the following imports might make progress towards fixing the problem:[0m
[0m[[0m[31merror[0m] [0m[0m[31m    |[0m[0m
[0m[[0m[31merror[0m] [0m[0m[31m    |[0m  import math.Fractional.Implicits.infixFractionalOps[0m
[0m[[0m[31merror[0m] [0m[0m[31m    |[0m  import math.Integral.Implicits.infixIntegralOps[0m
[0m[[0m[31merror[0m] [0m[0m[31m    |[0m  import math.Numeric.Implicits.infixNumericOps[0m
[0m[[0m[31merror[0m] [0m[0m[31m    |[0m[0m
[0m[[0m[0mdebug[0m] [0m[0mjsonRpcNotify: JsonRpcNotificationMessage(2.0, build/logMessage, {"type":1,"message":"\u001b[31m\u001b[31m-- [E008] Not Found Error: C:\\Users\\mehra\\Documents\\GitHub\\nando\\apl\\util.scala:154:28 \u001b[0m\u001b[0m\r\n\u001b[31m154 |\u001b[0m                \u001b[33mnew\u001b[0m \u001b[35mData\u001b[0m(v1 - \u001b[31m1\u001b[0m)\r\n\u001b[31m\u001b[31m    |\u001b[0m                         ^^^^\u001b[0m\r\n\u001b[31m    |\u001b[0mvalue - is not a member of Unit, but could be made available as an extension method.\r\n\u001b[31m    |\u001b[0m\r\n\u001b[31m    |\u001b[0mOne of the following imports might make progress towards fixing the problem:\r\n\u001b[31m    |\u001b[0m\r\n\u001b[31m    |\u001b[0m  import math.Fractional.Implicits.infixFractionalOps\r\n\u001b[31m    |\u001b[0m  import math.Integral.Implicits.infixIntegralOps\r\n\u001b[31m    |\u001b[0m  import math.Numeric.Implicits.infixNumericOps\r\n\u001b[31m    |\u001b[0m"})[0m
[0m[[0m[0mdebug[0m] [0m[0mjsonRpcNotify: JsonRpcNotificationMessage(2.0, build/publishDiagnostics, {"textDocument":{"uri":"file:///C:/Users/mehra/Documents/GitHub/nando/apl/util.scala"},"buildTarget":{"uri":"file:/C:/Users/mehra/Documents/GitHub/nando/apl/#apl/Compile"},"diagnostics":[{"range":{"start":{"line":167,"character":18},"end":{"line":167,"character":33}},"severity":1,"code":"7","source":"sbt","message":"Found:    (util.DataType\u001b[1m\u001b[31m.\u001b[0m\u001b[1m\u001b[31mNumber\u001b[0m \u001b[1m\u001b[31m:\u001b[0m\u001b[1m\u001b[31m \u001b[0mutil.DataType)\nRequired: (util.DataType\u001b[1m\u001b[32m,\u001b[0m util.DataType)\npattern type is incompatible with expected type"}],"reset":false})[0m
[0m[[0m[31merror[0m] [0m[0m[31m[31m-- [E007] Type Mismatch Error: C:\Users\mehra\Documents\GitHub\nando\apl\util.scala:168:27 [0m[0m[0m
[0m[[0m[31merror[0m] [0m[0m[31m168 |[0m            [33mcase[0m (DataType.Number) => {[0m
[0m[[0m[31merror[0m] [0m[0m[31m[31m    |[0m                  ^^^^^^^^^^^^^^^[0m[0m
[0m[[0m[31merror[0m] [0m[0m[31m    |[0m                  Found:    (util.DataType[1m[31m.[0m[1m[31mNumber[0m [1m[31m:[0m[1m[31m [0mutil.DataType)[0m
[0m[[0m[31merror[0m] [0m[0m[31m    |[0m                  Required: (util.DataType[1m[32m,[0m util.DataType)[0m
[0m[[0m[31merror[0m] [0m[0m[31m    |[0m                  pattern type is incompatible with expected type[0m
[0m[[0m[31merror[0m] [0m[0m[31m    |[0m[0m
[0m[[0m[31merror[0m] [0m[0m[31m    |[0m longer explanation available when compiling with `-explain`[0m
[0m[[0m[0mdebug[0m] [0m[0mjsonRpcNotify: JsonRpcNotificationMessage(2.0, build/logMessage, {"type":1,"message":"\u001b[31m\u001b[31m-- [E007] Type Mismatch Error: C:\\Users\\mehra\\Documents\\GitHub\\nando\\apl\\util.scala:168:27 \u001b[0m\u001b[0m\r\n\u001b[31m168 |\u001b[0m            \u001b[33mcase\u001b[0m (DataType.Number) => {\r\n\u001b[31m\u001b[31m    |\u001b[0m                  ^^^^^^^^^^^^^^^\u001b[0m\r\n\u001b[31m    |\u001b[0m                  Found:    (util.DataType\u001b[1m\u001b[31m.\u001b[0m\u001b[1m\u001b[31mNumber\u001b[0m \u001b[1m\u001b[31m:\u001b[0m\u001b[1m\u001b[31m \u001b[0mutil.DataType)\r\n\u001b[31m    |\u001b[0m                  Required: (util.DataType\u001b[1m\u001b[32m,\u001b[0m util.DataType)\r\n\u001b[31m    |\u001b[0m                  pattern type is incompatible with expected type\r\n\u001b[31m    |\u001b[0m\r\n\u001b[31m    |\u001b[0m longer explanation available when compiling with `-explain`"})[0m
[0m[[0m[0mdebug[0m] [0m[0mjsonRpcNotify: JsonRpcNotificationMessage(2.0, build/publishDiagnostics, {"textDocument":{"uri":"file:///C:/Users/mehra/Documents/GitHub/nando/apl/util.scala"},"buildTarget":{"uri":"file:/C:/Users/mehra/Documents/GitHub/nando/apl/#apl/Compile"},"diagnostics":[{"range":{"start":{"line":168,"character":25},"end":{"line":168,"character":29}},"severity":1,"code":"8","source":"sbt","message":"value * is not a member of Unit, but could be made available as an extension method.\n\nOne of the following imports might make progress towards fixing the problem:\n\n  import math.Fractional.Implicits.infixFractionalOps\n  import math.Integral.Implicits.infixIntegralOps\n  import math.Numeric.Implicits.infixNumericOps\n\n"}],"reset":false})[0m
[0m[[0m[31merror[0m] [0m[0m[31m[31m-- [E008] Not Found Error: C:\Users\mehra\Documents\GitHub\nando\apl\util.scala:169:28 [0m[0m[0m
[0m[[0m[31merror[0m] [0m[0m[31m169 |[0m                [33mnew[0m [35mData[0m(v1 * v2)[0m
[0m[[0m[31merror[0m] [0m[0m[31m[31m    |[0m                         ^^^^[0m[0m
[0m[[0m[31merror[0m] [0m[0m[31m    |[0mvalue * is not a member of Unit, but could be made available as an extension method.[0m
[0m[[0m[31merror[0m] [0m[0m[31m    |[0m[0m
[0m[[0m[31merror[0m] [0m[0m[31m    |[0mOne of the following imports might make progress towards fixing the problem:[0m
[0m[[0m[31merror[0m] [0m[0m[31m    |[0m[0m
[0m[[0m[31merror[0m] [0m[0m[31m    |[0m  import math.Fractional.Implicits.infixFractionalOps[0m
[0m[[0m[31merror[0m] [0m[0m[31m    |[0m  import math.Integral.Implicits.infixIntegralOps[0m
[0m[[0m[31merror[0m] [0m[0m[31m    |[0m  import math.Numeric.Implicits.infixNumericOps[0m
[0m[[0m[31merror[0m] [0m[0m[31m    |[0m[0m
[0m[[0m[0mdebug[0m] [0m[0mjsonRpcNotify: JsonRpcNotificationMessage(2.0, build/logMessage, {"type":1,"message":"\u001b[31m\u001b[31m-- [E008] Not Found Error: C:\\Users\\mehra\\Documents\\GitHub\\nando\\apl\\util.scala:169:28 \u001b[0m\u001b[0m\r\n\u001b[31m169 |\u001b[0m                \u001b[33mnew\u001b[0m \u001b[35mData\u001b[0m(v1 * v2)\r\n\u001b[31m\u001b[31m    |\u001b[0m                         ^^^^\u001b[0m\r\n\u001b[31m    |\u001b[0mvalue * is not a member of Unit, but could be made available as an extension method.\r\n\u001b[31m    |\u001b[0m\r\n\u001b[31m    |\u001b[0mOne of the following imports might make progress towards fixing the problem:\r\n\u001b[31m    |\u001b[0m\r\n\u001b[31m    |\u001b[0m  import math.Fractional.Implicits.infixFractionalOps\r\n\u001b[31m    |\u001b[0m  import math.Integral.Implicits.infixIntegralOps\r\n\u001b[31m    |\u001b[0m  import math.Numeric.Implicits.infixNumericOps\r\n\u001b[31m    |\u001b[0m"})[0m
[0m[[0m[0mdebug[0m] [0m[0mjsonRpcNotify: JsonRpcNotificationMessage(2.0, build/publishDiagnostics, {"textDocument":{"uri":"file:///C:/Users/mehra/Documents/GitHub/nando/apl/util.scala"},"buildTarget":{"uri":"file:/C:/Users/mehra/Documents/GitHub/nando/apl/#apl/Compile"},"diagnostics":[{"range":{"start":{"line":182,"character":18},"end":{"line":182,"character":33}},"severity":1,"code":"7","source":"sbt","message":"Found:    (util.DataType\u001b[1m\u001b[31m.\u001b[0m\u001b[1m\u001b[31mNumber\u001b[0m \u001b[1m\u001b[31m:\u001b[0m\u001b[1m\u001b[31m \u001b[0mutil.DataType)\nRequired: (util.DataType\u001b[1m\u001b[32m,\u001b[0m util.DataType)\npattern type is incompatible with expected type"}],"reset":false})[0m
[0m[[0m[31merror[0m] [0m[0m[31m[31m-- [E007] Type Mismatch Error: C:\Users\mehra\Documents\GitHub\nando\apl\util.scala:183:27 [0m[0m[0m
[0m[[0m[31merror[0m] [0m[0m[31m183 |[0m            [33mcase[0m (DataType.Number) => {[0m
[0m[[0m[31merror[0m] [0m[0m[31m[31m    |[0m                  ^^^^^^^^^^^^^^^[0m[0m
[0m[[0m[31merror[0m] [0m[0m[31m    |[0m                  Found:    (util.DataType[1m[31m.[0m[1m[31mNumber[0m [1m[31m:[0m[1m[31m [0mutil.DataType)[0m
[0m[[0m[31merror[0m] [0m[0m[31m    |[0m                  Required: (util.DataType[1m[32m,[0m util.DataType)[0m
[0m[[0m[31merror[0m] [0m[0m[31m    |[0m                  pattern type is incompatible with expected type[0m
[0m[[0m[31merror[0m] [0m[0m[31m    |[0m[0m
[0m[[0m[31merror[0m] [0m[0m[31m    |[0m longer explanation available when compiling with `-explain`[0m
[0m[[0m[0mdebug[0m] [0m[0mjsonRpcNotify: JsonRpcNotificationMessage(2.0, build/logMessage, {"type":1,"message":"\u001b[31m\u001b[31m-- [E007] Type Mismatch Error: C:\\Users\\mehra\\Documents\\GitHub\\nando\\apl\\util.scala:183:27 \u001b[0m\u001b[0m\r\n\u001b[31m183 |\u001b[0m            \u001b[33mcase\u001b[0m (DataType.Number) => {\r\n\u001b[31m\u001b[31m    |\u001b[0m                  ^^^^^^^^^^^^^^^\u001b[0m\r\n\u001b[31m    |\u001b[0m                  Found:    (util.DataType\u001b[1m\u001b[31m.\u001b[0m\u001b[1m\u001b[31mNumber\u001b[0m \u001b[1m\u001b[31m:\u001b[0m\u001b[1m\u001b[31m \u001b[0mutil.DataType)\r\n\u001b[31m    |\u001b[0m                  Required: (util.DataType\u001b[1m\u001b[32m,\u001b[0m util.DataType)\r\n\u001b[31m    |\u001b[0m                  pattern type is incompatible with expected type\r\n\u001b[31m    |\u001b[0m\r\n\u001b[31m    |\u001b[0m longer explanation available when compiling with `-explain`"})[0m
[0m[[0m[0mdebug[0m] [0m[0mjsonRpcNotify: JsonRpcNotificationMessage(2.0, build/publishDiagnostics, {"textDocument":{"uri":"file:///C:/Users/mehra/Documents/GitHub/nando/apl/util.scala"},"buildTarget":{"uri":"file:/C:/Users/mehra/Documents/GitHub/nando/apl/#apl/Compile"},"diagnostics":[{"range":{"start":{"line":183,"character":25},"end":{"line":183,"character":29}},"severity":1,"code":"8","source":"sbt","message":"value / is not a member of Unit, but could be made available as an extension method.\n\nOne of the following imports might make progress towards fixing the problem:\n\n  import math.Fractional.Implicits.infixFractionalOps\n  import math.Integral.Implicits.infixIntegralOps\n\n"}],"reset":false})[0m
[0m[[0m[31merror[0m] [0m[0m[31m[31m-- [E008] Not Found Error: C:\Users\mehra\Documents\GitHub\nando\apl\util.scala:184:28 [0m[0m[0m
[0m[[0m[31merror[0m] [0m[0m[31m184 |[0m                [33mnew[0m [35mData[0m(v1 / v2)[0m
[0m[[0m[31merror[0m] [0m[0m[31m[31m    |[0m                         ^^^^[0m[0m
[0m[[0m[31merror[0m] [0m[0m[31m    |[0mvalue / is not a member of Unit, but could be made available as an extension method.[0m
[0m[[0m[31merror[0m] [0m[0m[31m    |[0m[0m
[0m[[0m[31merror[0m] [0m[0m[31m    |[0mOne of the following imports might make progress towards fixing the problem:[0m
[0m[[0m[31merror[0m] [0m[0m[31m    |[0m[0m
[0m[[0m[31merror[0m] [0m[0m[31m    |[0m  import math.Fractional.Implicits.infixFractionalOps[0m
[0m[[0m[31merror[0m] [0m[0m[31m    |[0m  import math.Integral.Implicits.infixIntegralOps[0m
[0m[[0m[31merror[0m] [0m[0m[31m    |[0m[0m
[0m[[0m[0mdebug[0m] [0m[0mjsonRpcNotify: JsonRpcNotificationMessage(2.0, build/logMessage, {"type":1,"message":"\u001b[31m\u001b[31m-- [E008] Not Found Error: C:\\Users\\mehra\\Documents\\GitHub\\nando\\apl\\util.scala:184:28 \u001b[0m\u001b[0m\r\n\u001b[31m184 |\u001b[0m                \u001b[33mnew\u001b[0m \u001b[35mData\u001b[0m(v1 / v2)\r\n\u001b[31m\u001b[31m    |\u001b[0m                         ^^^^\u001b[0m\r\n\u001b[31m    |\u001b[0mvalue / is not a member of Unit, but could be made available as an extension method.\r\n\u001b[31m    |\u001b[0m\r\n\u001b[31m    |\u001b[0mOne of the following imports might make progress towards fixing the problem:\r\n\u001b[31m    |\u001b[0m\r\n\u001b[31m    |\u001b[0m  import math.Fractional.Implicits.infixFractionalOps\r\n\u001b[31m    |\u001b[0m  import math.Integral.Implicits.infixIntegralOps\r\n\u001b[31m    |\u001b[0m"})[0m
[0m[[0m[31merror[0m] [0m[0m30 errors found[0m
[0m[[0m[0mdebug[0m] [0m[0mjsonRpcNotify: JsonRpcNotificationMessage(2.0, build/logMessage, {"type":1,"message":"30 errors found"})[0m
[0m[[0m[0mdebug[0m] [0m[0mjsonRpcNotify: JsonRpcNotificationMessage(2.0, build/publishDiagnostics, {"textDocument":{"uri":"file:///C:/Users/mehra/Documents/GitHub/nando/apl/util.scala"},"buildTarget":{"uri":"file:/C:/Users/mehra/Documents/GitHub/nando/apl/#apl/Compile"},"diagnostics":[{"range":{"start":{"line":16,"character":8},"end":{"line":16,"character":11}},"severity":1,"code":"40","source":"sbt","message":"'this' expected, but 'val' found"},{"range":{"start":{"line":13,"character":40},"end":{"line":13,"character":43}},"severity":1,"code":"-1","source":"sbt","message":"too many arguments for \u001b[33mconstructor\u001b[0m \u001b[35mDouble\u001b[0m in \u001b[33mclass\u001b[0m \u001b[35mDouble\u001b[0m: (): Double"},{"range":{"start":{"line":19,"character":16},"end":{"line":19,"character":20}},"severity":1,"code":"50","source":"sbt","message":"\u001b[33mclass\u001b[0m \u001b[35mData\u001b[0m in \u001b[33mpackage\u001b[0m \u001b[35mutil\u001b[0m does not take parameters"},{"range":{"start":{"line":19,"character":38},"end":{"line":19,"character":41}},"severity":1,"code":"119","source":"sbt","message":"\u001b[33mpackage\u001b[0m \u001b[35mscala.ref\u001b[0m is not a value"},{"range":{"start":{"line":21,"character":17},"end":{"line":21,"character":23}},"severity":1,"code":"119","source":"sbt","message":"Java defined \u001b[33mclass\u001b[0m \u001b[35mString\u001b[0m is not a value"},{"range":{"start":{"line":22,"character":16},"end":{"line":22,"character":20}},"severity":1,"code":"50","source":"sbt","message":"\u001b[33mclass\u001b[0m \u001b[35mData\u001b[0m in \u001b[33mpackage\u001b[0m \u001b[35mutil\u001b[0m does not take parameters"},{"range":{"start":{"line":22,"character":38},"end":{"line":22,"character":41}},"severity":1,"code":"119","source":"sbt","message":"\u001b[33mpackage\u001b[0m \u001b[35mscala.ref\u001b[0m is not a value"},{"range":{"start":{"line":24,"character":17},"end":{"line":24,"character":27}},"severity":1,"code":"-1","source":"sbt","message":"invalid pattern"},{"range":{"start":{"line":25,"character":16},"end":{"line":25,"character":20}},"severity":1,"code":"50","source":"sbt","message":"\u001b[33mclass\u001b[0m \u001b[35mData\u001b[0m in \u001b[33mpackage\u001b[0m \u001b[35mutil\u001b[0m does not take parameters"},{"range":{"start":{"line":25,"character":37},"end":{"line":25,"character":40}},"severity":1,"code":"119","source":"sbt","message":"\u001b[33mpackage\u001b[0m \u001b[35mscala.ref\u001b[0m is not a value"},{"range":{"start":{"line":27,"character":17},"end":{"line":27,"character":36}},"severity":1,"code":"-1","source":"sbt","message":"invalid pattern"},{"range":{"start":{"line":28,"character":16},"end":{"line":28,"character":20}},"severity":1,"code":"50","source":"sbt","message":"\u001b[33mclass\u001b[0m \u001b[35mData\u001b[0m in \u001b[33mpackage\u001b[0m \u001b[35mutil\u001b[0m does not take parameters"},{"range":{"start":{"line":28,"character":38},"end":{"line":28,"character":41}},"severity":1,"code":"119","source":"sbt","message":"\u001b[33mpackage\u001b[0m \u001b[35mscala.ref\u001b[0m is not a value"},{"range":{"start":{"line":32,"character":16},"end":{"line":32,"character":20}},"severity":1,"code":"50","source":"sbt","message":"\u001b[33mclass\u001b[0m \u001b[35mData\u001b[0m in \u001b[33mpackage\u001b[0m \u001b[35mutil\u001b[0m does not take parameters"},{"range":{"start":{"line":59,"character":31},"end":{"line":59,"character":49}},"severity":1,"code":"53","source":"sbt","message":"Object does not take type parameters"},{"range":{"start":{"line":66,"character":17},"end":{"line":66,"character":20}},"severity":1,"code":"6","source":"sbt","message":"Not found: op2"},{"range":{"start":{"line":68,"character":12},"end":{"line":68,"character":15}},"severity":1,"code":"6","source":"sbt","message":"Not found: op2"},{"range":{"start":{"line":70,"character":16},"end":{"line":70,"character":21}},"severity":1,"code":"8","source":"sbt","message":"value += is not a member of Unit - did you mean v1.!=?"},{"range":{"start":{"line":73,"character":16},"end":{"line":73,"character":21}},"severity":1,"code":"8","source":"sbt","message":"value += is not a member of Unit - did you mean v1.!=?"},{"range":{"start":{"line":88,"character":25},"end":{"line":88,"character":29}},"severity":1,"code":"8","source":"sbt","message":"value + is not a member of Unit, but could be made available as an extension method.\n\nOne of the following imports might make progress towards fixing the problem:\n\n  import math.Fractional.Implicits.infixFractionalOps\n  import math.Integral.Implicits.infixIntegralOps\n  import math.Numeric.Implicits.infixNumericOps\n\n"},{"range":{"start":{"line":92,"character":25},"end":{"line":92,"character":30}},"severity":1,"code":"8","source":"sbt","message":"value ++ is not a member of Unit"},{"range":{"start":{"line":95,"character":25},"end":{"line":95,"character":31}},"severity":1,"code":"8","source":"sbt","message":"value map is not a member of Unit"},{"range":{"start":{"line":105,"character":25},"end":{"line":105,"character":29}},"severity":1,"code":"8","source":"sbt","message":"value + is not a member of Unit, but could be made available as an extension method.\n\nOne of the following imports might make progress towards fixing the problem:\n\n  import math.Fractional.Implicits.infixFractionalOps\n  import math.Integral.Implicits.infixIntegralOps\n  import math.Numeric.Implicits.infixNumericOps\n\n"},{"range":{"start":{"line":125,"character":25},"end":{"line":125,"character":29}},"severity":1,"code":"8","source":"sbt","message":"value - is not a member of Unit, but could be made available as an extension method.\n\nOne of the following imports might make progress towards fixing the problem:\n\n  import math.Fractional.Implicits.infixFractionalOps\n  import math.Integral.Implicits.infixIntegralOps\n  import math.Numeric.Implicits.infixNumericOps\n\n"},{"range":{"start":{"line":139,"character":25},"end":{"line":139,"character":29}},"severity":1,"code":"8","source":"sbt","message":"value + is not a member of Unit, but could be made available as an extension method.\n\nOne of the following imports might make progress towards fixing the problem:\n\n  import math.Fractional.Implicits.infixFractionalOps\n  import math.Integral.Implicits.infixIntegralOps\n  import math.Numeric.Implicits.infixNumericOps\n\n"},{"range":{"start":{"line":153,"character":25},"end":{"line":153,"character":29}},"severity":1,"code":"8","source":"sbt","message":"value - is not a member of Unit, but could be made available as an extension method.\n\nOne of the following imports might make progress towards fixing the problem:\n\n  import math.Fractional.Implicits.infixFractionalOps\n  import math.Integral.Implicits.infixIntegralOps\n  import math.Numeric.Implicits.infixNumericOps\n\n"},{"range":{"start":{"line":167,"character":18},"end":{"line":167,"character":33}},"severity":1,"code":"7","source":"sbt","message":"Found:    (util.DataType\u001b[1m\u001b[31m.\u001b[0m\u001b[1m\u001b[31mNumber\u001b[0m \u001b[1m\u001b[31m:\u001b[0m\u001b[1m\u001b[31m \u001b[0mutil.DataType)\nRequired: (util.DataType\u001b[1m\u001b[32m,\u001b[0m util.DataType)\npattern type is incompatible with expected type"},{"range":{"start":{"line":168,"character":25},"end":{"line":168,"character":29}},"severity":1,"code":"8","source":"sbt","message":"value * is not a member of Unit, but could be made available as an extension method.\n\nOne of the following imports might make progress towards fixing the problem:\n\n  import math.Fractional.Implicits.infixFractionalOps\n  import math.Integral.Implicits.infixIntegralOps\n  import math.Numeric.Implicits.infixNumericOps\n\n"},{"range":{"start":{"line":182,"character":18},"end":{"line":182,"character":33}},"severity":1,"code":"7","source":"sbt","message":"Found:    (util.DataType\u001b[1m\u001b[31m.\u001b[0m\u001b[1m\u001b[31mNumber\u001b[0m \u001b[1m\u001b[31m:\u001b[0m\u001b[1m\u001b[31m \u001b[0mutil.DataType)\nRequired: (util.DataType\u001b[1m\u001b[32m,\u001b[0m util.DataType)\npattern type is incompatible with expected type"},{"range":{"start":{"line":183,"character":25},"end":{"line":183,"character":29}},"severity":1,"code":"8","source":"sbt","message":"value / is not a member of Unit, but could be made available as an extension method.\n\nOne of the following imports might make progress towards fixing the problem:\n\n  import math.Fractional.Implicits.infixFractionalOps\n  import math.Integral.Implicits.infixIntegralOps\n\n"}],"reset":true})[0m
[0m[[0m[0mdebug[0m] [0m[0mjsonRpcNotify: JsonRpcNotificationMessage(2.0, build/taskFinish, {"taskId":{"id":"53","parents":[]},"eventTime":1704822414868,"message":"Compiled apl","status":2,"dataKind":"compile-report","data":{"target":{"uri":"file:/C:/Users/mehra/Documents/GitHub/nando/apl/#apl/Compile"},"errors":30,"warnings":0,"time":1018}})[0m
[0m[[0m[0mdebug[0m] [0m[0mForcing garbage collection...[0m
[0m[[0m[0mdebug[0m] [0m[0munmatched json error for requestId None: {"code":-32603,"message":"(Compile / \u001b[31mcompileIncremental\u001b[0m) Compilation failed"}[0m
[0m[[0m[31merror[0m] [0m[0m(Compile / [31mcompileIncremental[0m) Compilation failed[0m
[0m[[0m[0mdebug[0m] [0m[0mjsonRpcNotify: JsonRpcNotificationMessage(2.0, build/logMessage, {"type":1,"message":"(Compile / \u001b[31mcompileIncremental\u001b[0m) Compilation failed"})[0m
[0m[[0m[31merror[0m] [0m[0mTotal time: 1 s, completed Jan 9, 2024, 12:46:55 PM[0m
[0m[[0m[0mdebug[0m] [0m[0munmatched Done event for requestId None: None[0m
[0m[[0m[0mdebug[0m] [0m[0m> Exec(shell, None, None)[0m
[0m[[0m[0mdebug[0m] [0m[0mlsp-definition json request: {"textDocument":{"uri":"file:///c%3A/Users/mehra/Documents/GitHub/nando/apl/util.scala"},"position":{"line":74,"character":27}}[0m
[0m[[0m[0mdebug[0m] [0m[0mlsp-definition found line:             }[0m
[0m[[0m[0minfo[0m] [0m[0mSymbol not found in definition request {"textDocument":{"uri":"file:///c%3A/Users/mehra/Documents/GitHub/nando/apl/util.scala"},"position":{"line":74,"character":27}}[0m
