[0m[[0m[0mdebug[0m] [0m[0m> Exec(run, Some(13beade8-1c26-4a15-b739-8b5196cbe6ac), Some(CommandSource(console0)))[0m
[0m[[0m[0mdebug[0m] [0m[0mEvaluating tasks: Compile / run[0m
[0m[[0m[0mdebug[0m] [0m[0mRunning task... Cancel: Signal, check cycles: false, forcegc: true[0m
[0m[[0m[0minfo[0m] [0m[0mcompiling 3 Scala sources to C:\Users\Arnav\Documents\GitHub\apl\apl\target\scala-3.3.1\classes ...[0m
[0m[[0m[31merror[0m] [0m[0m[31m[31m-- [E040] Syntax Error: C:\Users\Arnav\Documents\GitHub\apl\apl\util.scala:37:8 [0m[0m[0m
[0m[[0m[31merror[0m] [0m[0m[31m37 |[0m        }[0m
[0m[[0m[31merror[0m] [0m[0m[31m[31m   |[0m        ^[0m[0m
[0m[[0m[31merror[0m] [0m[0m[31m   |[0m        '=>' expected, but '}' found[0m
[0m[[0m[31merror[0m] [0m[0m[31m[31m-- [E006] Not Found Error: C:\Users\Arnav\Documents\GitHub\apl\apl\line.scala:7:7 [0m[0m[0m
[0m[[0m[31merror[0m] [0m[0m[31m7 |[0m[33mimport[0m index.ProgramParser[0m
[0m[[0m[31merror[0m] [0m[0m[31m[31m  |[0m       ^^^^^[0m[0m
[0m[[0m[31merror[0m] [0m[0m[31m  |[0m       Not found: index[0m
[0m[[0m[31merror[0m] [0m[0m[31m  |[0m[0m
[0m[[0m[31merror[0m] [0m[0m[31m  |[0m longer explanation available when compiling with `-explain`[0m
[0m[[0m[31merror[0m] [0m[0m[31m[31m-- [E052] Type Error: C:\Users\Arnav\Documents\GitHub\apl\apl\line.scala:17:31 -[0m[0m[0m
[0m[[0m[31merror[0m] [0m[0m[31m17 |[0m                [33mcase[0m [31m"="[0m  => x = f[0m
[0m[[0m[31merror[0m] [0m[0m[31m[31m   |[0m                             ^^^^^[0m[0m
[0m[[0m[31merror[0m] [0m[0m[31m   |[0m                             Reassignment to val x[0m
[0m[[0m[31merror[0m] [0m[0m[31m   |[0m[0m
[0m[[0m[31merror[0m] [0m[0m[31m   |[0m longer explanation available when compiling with `-explain`[0m
[0m[[0m[31merror[0m] [0m[0m[31m[31m-- [E008] Not Found Error: C:\Users\Arnav\Documents\GitHub\apl\apl\line.scala:18:31 [0m[0m[0m
[0m[[0m[31merror[0m] [0m[0m[31m18 |[0m                [33mcase[0m [31m"+="[0m => x += f[0m
[0m[[0m[31merror[0m] [0m[0m[31m[31m   |[0m                             ^^^^[0m[0m
[0m[[0m[31merror[0m] [0m[0m[31m   |[0m              value += is not a member of util.Data - did you mean x.!=?[0m
[0m[[0m[31merror[0m] [0m[0m[31m[31m-- [E008] Not Found Error: C:\Users\Arnav\Documents\GitHub\apl\apl\line.scala:19:31 [0m[0m[0m
[0m[[0m[31merror[0m] [0m[0m[31m19 |[0m                [33mcase[0m [31m"-="[0m => x -= f[0m
[0m[[0m[31merror[0m] [0m[0m[31m[31m   |[0m                             ^^^^[0m[0m
[0m[[0m[31merror[0m] [0m[0m[31m   |[0m              value -= is not a member of util.Data - did you mean x.!=?[0m
[0m[[0m[31merror[0m] [0m[0m[31m[31m-- [E008] Not Found Error: C:\Users\Arnav\Documents\GitHub\apl\apl\line.scala:20:31 [0m[0m[0m
[0m[[0m[31merror[0m] [0m[0m[31m20 |[0m                [33mcase[0m [31m"*="[0m => x *= f[0m
[0m[[0m[31merror[0m] [0m[0m[31m[31m   |[0m                             ^^^^[0m[0m
[0m[[0m[31merror[0m] [0m[0m[31m   |[0m              value *= is not a member of util.Data - did you mean x.!=?[0m
[0m[[0m[31merror[0m] [0m[0m[31m[31m-- [E008] Not Found Error: C:\Users\Arnav\Documents\GitHub\apl\apl\line.scala:21:31 [0m[0m[0m
[0m[[0m[31merror[0m] [0m[0m[31m21 |[0m                [33mcase[0m [31m"/="[0m => x /= f[0m
[0m[[0m[31merror[0m] [0m[0m[31m[31m   |[0m                             ^^^^[0m[0m
[0m[[0m[31merror[0m] [0m[0m[31m   |[0m              value /= is not a member of util.Data - did you mean x.!=?[0m
[0m[[0m[31merror[0m] [0m[0m[31m[31m-- [E008] Not Found Error: C:\Users\Arnav\Documents\GitHub\apl\apl\line.scala:30:65 [0m[0m[0m
[0m[[0m[31merror[0m] [0m[0m[31m30 |[0m                ([36macc[0m, [36mt[0m) => [33mif[0m (t._1 == [31m"+"[0m) acc + t._2 [33melse[0m acc - t._2[0m
[0m[[0m[31merror[0m] [0m[0m[31m[31m   |[0m                                                             ^^^^^[0m[0m
[0m[[0m[31merror[0m] [0m[0m[31m   |[0mvalue - is not a member of util.Data, but could be made available as an extension method.[0m
[0m[[0m[31merror[0m] [0m[0m[31m   |[0m[0m
[0m[[0m[31merror[0m] [0m[0m[31m   |[0mOne of the following imports might make progress towards fixing the problem:[0m
[0m[[0m[31merror[0m] [0m[0m[31m   |[0m[0m
[0m[[0m[31merror[0m] [0m[0m[31m   |[0m  import math.Fractional.Implicits.infixFractionalOps[0m
[0m[[0m[31merror[0m] [0m[0m[31m   |[0m  import math.Integral.Implicits.infixIntegralOps[0m
[0m[[0m[31merror[0m] [0m[0m[31m   |[0m  import math.Numeric.Implicits.infixNumericOps[0m
[0m[[0m[31merror[0m] [0m[0m[31m   |[0m[0m
[0m[[0m[31merror[0m] [0m[0m[31m[31m-- [E008] Not Found Error: C:\Users\Arnav\Documents\GitHub\apl\apl\line.scala:37:49 [0m[0m[0m
[0m[[0m[31merror[0m] [0m[0m[31m37 |[0m                ([36macc[0m, [36mf[0m) => [33mif[0m (f._1 == [31m"*"[0m) acc * f._2 [33melse[0m acc / f._2[0m
[0m[[0m[31merror[0m] [0m[0m[31m[31m   |[0m                                             ^^^^^[0m[0m
[0m[[0m[31merror[0m] [0m[0m[31m   |[0mvalue * is not a member of util.Data, but could be made available as an extension method.[0m
[0m[[0m[31merror[0m] [0m[0m[31m   |[0m[0m
[0m[[0m[31merror[0m] [0m[0m[31m   |[0mOne of the following imports might make progress towards fixing the problem:[0m
[0m[[0m[31merror[0m] [0m[0m[31m   |[0m[0m
[0m[[0m[31merror[0m] [0m[0m[31m   |[0m  import math.Fractional.Implicits.infixFractionalOps[0m
[0m[[0m[31merror[0m] [0m[0m[31m   |[0m  import math.Integral.Implicits.infixIntegralOps[0m
[0m[[0m[31merror[0m] [0m[0m[31m   |[0m  import math.Numeric.Implicits.infixNumericOps[0m
[0m[[0m[31merror[0m] [0m[0m[31m   |[0m[0m
[0m[[0m[31merror[0m] [0m[0m[31m[31m-- [E008] Not Found Error: C:\Users\Arnav\Documents\GitHub\apl\apl\line.scala:37:65 [0m[0m[0m
[0m[[0m[31merror[0m] [0m[0m[31m37 |[0m                ([36macc[0m, [36mf[0m) => [33mif[0m (f._1 == [31m"*"[0m) acc * f._2 [33melse[0m acc / f._2[0m
[0m[[0m[31merror[0m] [0m[0m[31m[31m   |[0m                                                             ^^^^^[0m[0m
[0m[[0m[31merror[0m] [0m[0m[31m   |[0mvalue / is not a member of util.Data, but could be made available as an extension method.[0m
[0m[[0m[31merror[0m] [0m[0m[31m   |[0m[0m
[0m[[0m[31merror[0m] [0m[0m[31m   |[0mOne of the following imports might make progress towards fixing the problem:[0m
[0m[[0m[31merror[0m] [0m[0m[31m   |[0m[0m
[0m[[0m[31merror[0m] [0m[0m[31m   |[0m  import math.Fractional.Implicits.infixFractionalOps[0m
[0m[[0m[31merror[0m] [0m[0m[31m   |[0m  import math.Integral.Implicits.infixIntegralOps[0m
[0m[[0m[31merror[0m] [0m[0m[31m   |[0m[0m
[0m[[0m[31merror[0m] [0m[0m[31m[31m-- Error: C:\Users\Arnav\Documents\GitHub\apl\apl\util.scala:14:40 -------------[0m[0m[0m
[0m[[0m[31merror[0m] [0m[0m[31m14 |[0m    [33mprivate[0m [33mvar[0m _v: AnyRef = [33mnew[0m Double([31m0.0[0m)[0m
[0m[[0m[31merror[0m] [0m[0m[31m[31m   |[0m                                        ^^^[0m[0m
[0m[[0m[31merror[0m] [0m[0m[31m   |[0m   too many arguments for [33mconstructor[0m [35mDouble[0m in [33mclass[0m [35mDouble[0m: (): Double[0m
[0m[[0m[31merror[0m] [0m[0m[31m[31m-- [E007] Type Mismatch Error: C:\Users\Arnav\Documents\GitHub\apl\apl\line.scala:61:40 [0m[0m[0m
[0m[[0m[31merror[0m] [0m[0m[31m61 |[0m                variables(s) = [33mnew[0m [35mData[0m([31m0.0[0m)   [0m
[0m[[0m[31merror[0m] [0m[0m[31m[31m   |[0m                                        ^^^[0m[0m
[0m[[0m[31merror[0m] [0m[0m[31m   |[0m                                        Found:    ([31m0.0d[0m : Double)[0m
[0m[[0m[31merror[0m] [0m[0m[31m   |[0m                                        Required: util.DataType[0m
[0m[[0m[31merror[0m] [0m[0m[31m   |[0m[0m
[0m[[0m[31merror[0m] [0m[0m[31m   |[0m longer explanation available when compiling with `-explain`[0m
[0m[[0m[31merror[0m] [0m[0m[31m[31m-- [E007] Type Mismatch Error: C:\Users\Arnav\Documents\GitHub\apl\apl\line.scala:67:41 [0m[0m[0m
[0m[[0m[31merror[0m] [0m[0m[31m67 |[0m        [36ms[0m => [33mnew[0m [35mData[0m(DataType.Number, s.toDouble)[0m
[0m[[0m[31merror[0m] [0m[0m[31m[31m   |[0m                                       ^^^^^^^^^^[0m[0m
[0m[[0m[31merror[0m] [0m[0m[31m   |[0mFound:    Double[0m
[0m[[0m[31merror[0m] [0m[0m[31m   |[0mRequired: AnyRef[0m
[0m[[0m[31merror[0m] [0m[0m[31m   |[0mNote that implicit conversions were not tried because the result of an implicit conversion[0m
[0m[[0m[31merror[0m] [0m[0m[31m   |[0mmust be more specific than AnyRef[0m
[0m[[0m[31merror[0m] [0m[0m[31m   |[0m[0m
[0m[[0m[31merror[0m] [0m[0m[31m   |[0m longer explanation available when compiling with `-explain`[0m
[0m[[0m[31merror[0m] [0m[0m[31m[31m-- [E007] Type Mismatch Error: C:\Users\Arnav\Documents\GitHub\apl\apl\util.scala:36:13 [0m[0m[0m
[0m[[0m[31merror[0m] [0m[0m[31m36 |[0m            }[0m
[0m[[0m[31merror[0m] [0m[0m[31m[31m   |[0m             ^[0m[0m
[0m[[0m[31merror[0m] [0m[0m[31m   |[0m             Found:    Unit[0m
[0m[[0m[31merror[0m] [0m[0m[31m   |[0m             Required: util.Data[0m
[0m[[0m[31merror[0m] [0m[0m[31m   |[0m[0m
[0m[[0m[31merror[0m] [0m[0m[31m   |[0m longer explanation available when compiling with `-explain`[0m
[0m[[0m[31merror[0m] [0m[0m[31m[31m-- [E119] Type Error: C:\Users\Arnav\Documents\GitHub\apl\apl\util.scala:13:31 -[0m[0m[0m
[0m[[0m[31merror[0m] [0m[0m[31m13 |[0m    [33mprivate[0m [33mvar[0m _t: DataType = Number,[0m
[0m[[0m[31merror[0m] [0m[0m[31m[31m   |[0m                               ^^^^^^[0m[0m
[0m[[0m[31merror[0m] [0m[0m[31m   |[0m                               Java defined [33mclass[0m [35mNumber[0m is not a value[0m
[0m[[0m[31merror[0m] [0m[0m15 errors found[0m
[0m[[0m[31merror[0m] [0m[0m(Compile / [31mcompileIncremental[0m) Compilation failed[0m
[0m[[0m[31merror[0m] [0m[0mTotal time: 1 s, completed Jan 9, 2024, 9:52:55 AM[0m
[0m[[0m[0mdebug[0m] [0m[0m> Exec(shell, None, None)[0m
